2022-05-18 13:05:502 INFO  ManageDriver :31 - Launching Chrome Browser
2022-05-18 13:05:478 INFO  HomePage :33 - getting ComputersText  from [[ChromeDriver: chrome on WINDOWS (f8e1d43f7b1341bd48d0f2624e7da33b)] -> xpath: //h1[contains(text(),'Computers')]]
2022-05-18 13:05:334 INFO  ManageDriver :31 - Launching Chrome Browser
2022-05-18 13:05:615 INFO  HomePage :39 - Clicking on DesktopLink[[ChromeDriver: chrome on WINDOWS (bc185e2283083bad9dce0e8abe8f4960)] -> xpath: //body/div[6]/div[3]/div[1]/div[2]/div[1]/div[2]/ul[1]/li[1]/ul[1]/li[1]/a[1]]
2022-05-18 13:05:428 INFO  HomePage :79 - Verify the Text: Proxy element for: DefaultElementLocator 'By.xpath: //button[@id='register-button']'
2022-05-18 13:05:920 INFO  ManageDriver :31 - Launching Chrome Browser
2022-05-18 13:05:249 INFO  HomePage :39 - Clicking on DesktopLink[[ChromeDriver: chrome on WINDOWS (b1f728246c35d72f059b0adbb51ec984)] -> xpath: //body/div[6]/div[3]/div[1]/div[2]/div[1]/div[2]/ul[1]/li[1]/ul[1]/li[1]/a[1]]
2022-05-18 13:05:996 INFO  HomePage :73 - Clicking on BuildYourOwnComputer : [[ChromeDriver: chrome on WINDOWS (b1f728246c35d72f059b0adbb51ec984)] -> xpath: //body/div[6]/div[3]/div[1]/div[3]/div[1]/div[2]/div[2]/div[2]/div[1]/div[1]/div[1]/div[1]/div[2]/h2[1]/a[1]]
2022-05-18 13:05:649 INFO  HomePage :83 - Selecting Processor: [[ChromeDriver: chrome on WINDOWS (b1f728246c35d72f059b0adbb51ec984)] -> xpath: //select[@name='product_attribute_1']]
2022-05-18 13:05:265 INFO  HomePage :88 - Selecting Ram: [[ChromeDriver: chrome on WINDOWS (b1f728246c35d72f059b0adbb51ec984)] -> xpath: //select[@name='product_attribute_2']]
2022-05-18 13:05:678 INFO  HomePage :137 - Clicking on Hdd: [[ChromeDriver: chrome on WINDOWS (b1f728246c35d72f059b0adbb51ec984)] -> xpath: //input[@id='product_attribute_3_6']]
2022-05-18 13:05:134 INFO  HomePage :147 - Clicking on getOsRadio: [[ChromeDriver: chrome on WINDOWS (b1f728246c35d72f059b0adbb51ec984)] -> xpath: //input[@id='product_attribute_4_9']]
2022-05-18 13:05:743 INFO  HomePage :170 - Clicking on AddToCartButton[[ChromeDriver: chrome on WINDOWS (b1f728246c35d72f059b0adbb51ec984)] -> xpath: //button[@id='add-to-cart-button-1']]
2022-05-18 13:05:458 INFO  HomePage :37 - getting desktops Text : Proxy element for: DefaultElementLocator 'By.xpath: //h1[contains(text(),'Desktops')]'
2022-05-18 13:05:91 INFO  ManageDriver :31 - Launching Chrome Browser
2022-05-18 13:05:321 INFO  HomePage :39 - Clicking on DesktopLink[[ChromeDriver: chrome on WINDOWS (4ba4c9176e9fb34ed52608bf3fe59f26)] -> xpath: //body/div[6]/div[3]/div[1]/div[2]/div[1]/div[2]/ul[1]/li[1]/ul[1]/li[1]/a[1]]
2022-05-18 13:05:760 INFO  HomePage :73 - Clicking on BuildYourOwnComputer : [[ChromeDriver: chrome on WINDOWS (4ba4c9176e9fb34ed52608bf3fe59f26)] -> xpath: //body/div[6]/div[3]/div[1]/div[3]/div[1]/div[2]/div[2]/div[2]/div[1]/div[1]/div[1]/div[1]/div[2]/h2[1]/a[1]]
2022-05-18 13:05:902 INFO  HomePage :83 - Selecting Processor: [[ChromeDriver: chrome on WINDOWS (4ba4c9176e9fb34ed52608bf3fe59f26)] -> xpath: //select[@name='product_attribute_1']]
2022-05-18 13:05:969 INFO  HomePage :88 - Selecting Ram: [[ChromeDriver: chrome on WINDOWS (4ba4c9176e9fb34ed52608bf3fe59f26)] -> xpath: //select[@name='product_attribute_2']]
2022-05-18 13:05:977 INFO  HomePage :137 - Clicking on Hdd: [[ChromeDriver: chrome on WINDOWS (4ba4c9176e9fb34ed52608bf3fe59f26)] -> xpath: //input[@id='product_attribute_3_6']]
2022-05-18 13:05:624 INFO  HomePage :147 - Clicking on getOsRadio: [[ChromeDriver: chrome on WINDOWS (4ba4c9176e9fb34ed52608bf3fe59f26)] -> xpath: //input[@id='product_attribute_4_9']]
2022-05-18 13:05:486 INFO  HomePage :170 - Clicking on AddToCartButton[[ChromeDriver: chrome on WINDOWS (4ba4c9176e9fb34ed52608bf3fe59f26)] -> xpath: //button[@id='add-to-cart-button-1']]
2022-05-18 13:05:696 INFO  HomePage :37 - getting desktops Text : Proxy element for: DefaultElementLocator 'By.xpath: //h1[contains(text(),'Desktops')]'
2022-05-18 13:05:230 INFO  ManageDriver :31 - Launching Chrome Browser
2022-05-18 13:05:502 INFO  HomePage :39 - Clicking on DesktopLink[[ChromeDriver: chrome on WINDOWS (bf358164efc53ac21bf087bc5feccee4)] -> xpath: //body/div[6]/div[3]/div[1]/div[2]/div[1]/div[2]/ul[1]/li[1]/ul[1]/li[1]/a[1]]
2022-05-18 13:05:847 INFO  HomePage :73 - Clicking on BuildYourOwnComputer : [[ChromeDriver: chrome on WINDOWS (bf358164efc53ac21bf087bc5feccee4)] -> xpath: //body/div[6]/div[3]/div[1]/div[3]/div[1]/div[2]/div[2]/div[2]/div[1]/div[1]/div[1]/div[1]/div[2]/h2[1]/a[1]]
2022-05-18 13:05:240 INFO  HomePage :83 - Selecting Processor: [[ChromeDriver: chrome on WINDOWS (bf358164efc53ac21bf087bc5feccee4)] -> xpath: //select[@name='product_attribute_1']]
2022-05-18 13:05:464 INFO  HomePage :88 - Selecting Ram: [[ChromeDriver: chrome on WINDOWS (bf358164efc53ac21bf087bc5feccee4)] -> xpath: //select[@name='product_attribute_2']]
2022-05-18 13:05:677 INFO  HomePage :137 - Clicking on Hdd: [[ChromeDriver: chrome on WINDOWS (bf358164efc53ac21bf087bc5feccee4)] -> xpath: //input[@id='product_attribute_3_6']]
2022-05-18 13:05:905 INFO  HomePage :147 - Clicking on getOsRadio: [[ChromeDriver: chrome on WINDOWS (bf358164efc53ac21bf087bc5feccee4)] -> xpath: //input[@id='product_attribute_4_9']]
2022-05-18 13:05:301 INFO  HomePage :170 - Clicking on AddToCartButton[[ChromeDriver: chrome on WINDOWS (bf358164efc53ac21bf087bc5feccee4)] -> xpath: //button[@id='add-to-cart-button-1']]
2022-05-18 13:05:419 INFO  HomePage :37 - getting desktops Text : Proxy element for: DefaultElementLocator 'By.xpath: //h1[contains(text(),'Desktops')]'
2022-05-18 13:05:306 INFO  ManageDriver :31 - Launching Chrome Browser
2022-05-18 13:05:404 INFO  LoginPage :65 - Verify The Text: [[ChromeDriver: chrome on WINDOWS (ec76fa09c3de8ff0687f62bb5d9ee356)] -> xpath: //h1[contains(text(),'Welcome, Please Sign In!')]]
2022-05-18 13:05:55 INFO  ManageDriver :31 - Launching Chrome Browser
2022-05-18 13:05:689 INFO  LoginPage :46 - Enter Email: [[ChromeDriver: chrome on WINDOWS (2a848f060168896684eb9ef40585e840)] -> xpath: //input[@id='Email']]
2022-05-18 13:05:999 INFO  LoginPage :51 - Enter Pasword: [[ChromeDriver: chrome on WINDOWS (2a848f060168896684eb9ef40585e840)] -> xpath: //input[@id='Password']]
2022-05-18 13:05:123 INFO  LoginPage :56 - Click On Log In: [[ChromeDriver: chrome on WINDOWS (2a848f060168896684eb9ef40585e840)] -> xpath: //button[contains(text(),'Log in')]]
2022-05-18 13:05:158 INFO  LoginPage :71 - Verify the Text: [[ChromeDriver: chrome on WINDOWS (2a848f060168896684eb9ef40585e840)] -> xpath: //body/div[6]/div[3]/div[1]/div[1]/div[1]/div[2]/div[1]/div[2]/form[1]/div[1]]
2022-05-18 13:05:772 INFO  ManageDriver :31 - Launching Chrome Browser
2022-05-18 13:05:151 INFO  LoginPage :46 - Enter Email: [[ChromeDriver: chrome on WINDOWS (d401110a5eee6945eedbd7e4731afce3)] -> xpath: //input[@id='Email']]
2022-05-18 13:05:501 INFO  LoginPage :51 - Enter Pasword: [[ChromeDriver: chrome on WINDOWS (d401110a5eee6945eedbd7e4731afce3)] -> xpath: //input[@id='Password']]
2022-05-18 13:05:676 INFO  LoginPage :56 - Click On Log In: [[ChromeDriver: chrome on WINDOWS (d401110a5eee6945eedbd7e4731afce3)] -> xpath: //button[contains(text(),'Log in')]]
2022-05-18 13:05:185 INFO  ManageDriver :31 - Launching Chrome Browser
2022-05-18 13:05:965 INFO  LoginPage :46 - Enter Email: [[ChromeDriver: chrome on WINDOWS (03eede9707864ee6261cb730290d7418)] -> xpath: //input[@id='Email']]
2022-05-18 13:05:739 INFO  LoginPage :51 - Enter Pasword: [[ChromeDriver: chrome on WINDOWS (03eede9707864ee6261cb730290d7418)] -> xpath: //input[@id='Password']]
2022-05-18 13:05:573 INFO  LoginPage :56 - Click On Log In: [[ChromeDriver: chrome on WINDOWS (03eede9707864ee6261cb730290d7418)] -> xpath: //button[contains(text(),'Log in')]]
2022-05-18 13:05:406 INFO  ManageDriver :31 - Launching Chrome Browser
2022-05-18 13:05:405 INFO  HomePage :79 - Verify the Text: [[ChromeDriver: chrome on WINDOWS (80e589d58fbc35fb3fa3c69ac536faab)] -> xpath: //button[@id='register-button']]
2022-05-18 13:05:530 INFO  ManageDriver :31 - Launching Chrome Browser
2022-05-18 14:05:344 INFO  HomePage :134 - Click On RegisterButton: [[ChromeDriver: chrome on WINDOWS (547b1e5076ca54004b7deb19eb80a97c)] -> xpath: //button[@id='register-button']]
2022-05-18 14:05:566 INFO  HomePage :154 - getting FirstNameError text from [[ChromeDriver: chrome on WINDOWS (547b1e5076ca54004b7deb19eb80a97c)] -> xpath: //span[@id='FirstName-error']]
2022-05-18 14:05:889 INFO  HomePage :158 - getting LastNameError text from [[ChromeDriver: chrome on WINDOWS (547b1e5076ca54004b7deb19eb80a97c)] -> xpath: //span[@id='LastName-error']]
2022-05-18 14:05:646 INFO  HomePage :162 - getting EmailError text from [[ChromeDriver: chrome on WINDOWS (547b1e5076ca54004b7deb19eb80a97c)] -> xpath: //span[@id='Email-error']]
2022-05-18 14:05:698 INFO  HomePage :166 - getting PasswordError text from [[ChromeDriver: chrome on WINDOWS (547b1e5076ca54004b7deb19eb80a97c)] -> xpath: //span[@id='Password-error']]
2022-05-18 14:05:932 INFO  HomePage :170 - getting ConfirmPasswordError text from [[ChromeDriver: chrome on WINDOWS (547b1e5076ca54004b7deb19eb80a97c)] -> xpath: //span[@id='ConfirmPassword-error']]
2022-05-18 14:05:511 INFO  ManageDriver :31 - Launching Chrome Browser
2022-05-18 14:05:855 INFO  HomePage :88 - Clicking on Female Button:[[ChromeDriver: chrome on WINDOWS (303c6e394f5cb490c33aa855753db5af)] -> xpath: //input[@id='gender-female']]
2022-05-18 14:05:38 INFO  HomePage :93 - Entering FirstName: [[ChromeDriver: chrome on WINDOWS (303c6e394f5cb490c33aa855753db5af)] -> xpath: //input[@id='FirstName']]
2022-05-18 14:05:680 INFO  HomePage :98 - Entering Last Name : [[ChromeDriver: chrome on WINDOWS (303c6e394f5cb490c33aa855753db5af)] -> xpath: //input[@id='LastName']]
2022-05-18 14:05:428 INFO  HomePage :103 - Select Day Of Birth: [[ChromeDriver: chrome on WINDOWS (303c6e394f5cb490c33aa855753db5af)] -> xpath: //body/div[6]/div[3]/div[1]/div[1]/div[1]/div[2]/form[1]/div[1]/div[2]/div[4]/div[1]/select[1]]
2022-05-18 14:05:224 INFO  HomePage :108 - Select the Month Of Birth: [[ChromeDriver: chrome on WINDOWS (303c6e394f5cb490c33aa855753db5af)] -> xpath: //body/div[6]/div[3]/div[1]/div[1]/div[1]/div[2]/form[1]/div[1]/div[2]/div[4]/div[1]/select[2]]
2022-05-18 14:05:669 INFO  HomePage :113 - Select the Year of Birth: [[ChromeDriver: chrome on WINDOWS (303c6e394f5cb490c33aa855753db5af)] -> xpath: //body/div[6]/div[3]/div[1]/div[1]/div[1]/div[2]/form[1]/div[1]/div[2]/div[4]/div[1]/select[3]]
2022-05-18 14:05:773 INFO  HomePage :118 - Enter Email: [[ChromeDriver: chrome on WINDOWS (303c6e394f5cb490c33aa855753db5af)] -> xpath: //input[@id='Email']]
2022-05-18 14:05:426 INFO  HomePage :123 - Enter Password: [[ChromeDriver: chrome on WINDOWS (303c6e394f5cb490c33aa855753db5af)] -> xpath: //input[@id='Password']]
2022-05-18 14:05:111 INFO  HomePage :128 - Enter Confirm Password: [[ChromeDriver: chrome on WINDOWS (303c6e394f5cb490c33aa855753db5af)] -> xpath: //input[@id='ConfirmPassword']]
2022-05-18 14:05:287 INFO  HomePage :134 - Click On RegisterButton: [[ChromeDriver: chrome on WINDOWS (303c6e394f5cb490c33aa855753db5af)] -> xpath: //button[@id='register-button']]
2022-05-18 14:05:376 INFO  HomePage :138 - Verify the Text: [[ChromeDriver: chrome on WINDOWS (303c6e394f5cb490c33aa855753db5af)] -> xpath: //div[contains(text(),'Your registration completed')]]
2022-05-18 14:05:829 INFO  ManageDriver :31 - Launching Chrome Browser
2022-05-18 14:05:984 INFO  ComputerPage :39 - Clicking on DesktopLink[[ChromeDriver: chrome on WINDOWS (330ca2626ee647384dbc19cc1199801a)] -> xpath: //body/div[6]/div[3]/div[1]/div[2]/div[1]/div[2]/ul[1]/li[1]/ul[1]/li[1]/a[1]]
2022-05-18 14:05:174 INFO  RegisterPage :79 - Verify the Text: Proxy element for: DefaultElementLocator 'By.xpath: //button[@id='register-button']'
2022-05-18 14:05:522 INFO  ManageDriver :31 - Launching Chrome Browser
2022-05-18 14:05:334 INFO  ComputerPage :39 - Clicking on DesktopLink[[ChromeDriver: chrome on WINDOWS (79f13f2543dac09aaa0d7e6c54e9fe2d)] -> xpath: //body/div[6]/div[3]/div[1]/div[2]/div[1]/div[2]/ul[1]/li[1]/ul[1]/li[1]/a[1]]
2022-05-18 14:05:415 INFO  DesktopsPage :37 - getting desktops Text : [[ChromeDriver: chrome on WINDOWS (79f13f2543dac09aaa0d7e6c54e9fe2d)] -> xpath: //h1[contains(text(),'Desktops')]]
2022-05-18 14:05:878 INFO  ManageDriver :31 - Launching Chrome Browser
2022-05-18 14:05:890 INFO  ComputerPage :39 - Clicking on DesktopLink[[ChromeDriver: chrome on WINDOWS (b6601a946955df2827ab222efdab2f3a)] -> xpath: //body/div[6]/div[3]/div[1]/div[2]/div[1]/div[2]/ul[1]/li[1]/ul[1]/li[1]/a[1]]
2022-05-18 14:05:416 INFO  BuildYourOwnComputerPage :73 - Clicking on BuildYourOwnComputer : [[ChromeDriver: chrome on WINDOWS (b6601a946955df2827ab222efdab2f3a)] -> xpath: //body/div[6]/div[3]/div[1]/div[3]/div[1]/div[2]/div[2]/div[2]/div[1]/div[1]/div[1]/div[1]/div[2]/h2[1]/a[1]]
2022-05-18 14:05:905 INFO  BuildYourOwnComputerPage :83 - Selecting Processor: [[ChromeDriver: chrome on WINDOWS (b6601a946955df2827ab222efdab2f3a)] -> xpath: //select[@name='product_attribute_1']]
2022-05-18 14:05:269 INFO  BuildYourOwnComputerPage :88 - Selecting Ram: [[ChromeDriver: chrome on WINDOWS (b6601a946955df2827ab222efdab2f3a)] -> xpath: //select[@name='product_attribute_2']]
2022-05-18 14:05:476 INFO  BuildYourOwnComputerPage :137 - Clicking on Hdd: [[ChromeDriver: chrome on WINDOWS (b6601a946955df2827ab222efdab2f3a)] -> xpath: //input[@id='product_attribute_3_6']]
2022-05-18 14:05:724 INFO  BuildYourOwnComputerPage :147 - Clicking on getOsRadio: [[ChromeDriver: chrome on WINDOWS (b6601a946955df2827ab222efdab2f3a)] -> xpath: //input[@id='product_attribute_4_9']]
2022-05-18 14:05:05 INFO  BuildYourOwnComputerPage :170 - Clicking on AddToCartButton[[ChromeDriver: chrome on WINDOWS (b6601a946955df2827ab222efdab2f3a)] -> xpath: //button[@id='add-to-cart-button-1']]
2022-05-18 14:05:570 INFO  ManageDriver :31 - Launching Chrome Browser
2022-05-18 14:05:773 INFO  ComputerPage :39 - Clicking on DesktopLink[[ChromeDriver: chrome on WINDOWS (7353e2ae1a1f612417386bced2e39738)] -> xpath: //body/div[6]/div[3]/div[1]/div[2]/div[1]/div[2]/ul[1]/li[1]/ul[1]/li[1]/a[1]]
2022-05-18 14:05:124 INFO  BuildYourOwnComputerPage :73 - Clicking on BuildYourOwnComputer : [[ChromeDriver: chrome on WINDOWS (7353e2ae1a1f612417386bced2e39738)] -> xpath: //body/div[6]/div[3]/div[1]/div[3]/div[1]/div[2]/div[2]/div[2]/div[1]/div[1]/div[1]/div[1]/div[2]/h2[1]/a[1]]
2022-05-18 14:05:334 INFO  BuildYourOwnComputerPage :83 - Selecting Processor: [[ChromeDriver: chrome on WINDOWS (7353e2ae1a1f612417386bced2e39738)] -> xpath: //select[@name='product_attribute_1']]
2022-05-18 14:05:552 INFO  BuildYourOwnComputerPage :88 - Selecting Ram: [[ChromeDriver: chrome on WINDOWS (7353e2ae1a1f612417386bced2e39738)] -> xpath: //select[@name='product_attribute_2']]
2022-05-18 14:05:826 INFO  BuildYourOwnComputerPage :137 - Clicking on Hdd: [[ChromeDriver: chrome on WINDOWS (7353e2ae1a1f612417386bced2e39738)] -> xpath: //input[@id='product_attribute_3_6']]
2022-05-18 14:05:04 INFO  BuildYourOwnComputerPage :147 - Clicking on getOsRadio: [[ChromeDriver: chrome on WINDOWS (7353e2ae1a1f612417386bced2e39738)] -> xpath: //input[@id='product_attribute_4_9']]
2022-05-18 14:05:170 INFO  BuildYourOwnComputerPage :170 - Clicking on AddToCartButton[[ChromeDriver: chrome on WINDOWS (7353e2ae1a1f612417386bced2e39738)] -> xpath: //button[@id='add-to-cart-button-1']]
2022-05-18 14:05:448 INFO  ManageDriver :31 - Launching Chrome Browser
2022-05-18 14:05:43 INFO  ComputerPage :39 - Clicking on DesktopLink[[ChromeDriver: chrome on WINDOWS (179b0f8c4bcceb5535aaf75206bf3745)] -> xpath: //body/div[6]/div[3]/div[1]/div[2]/div[1]/div[2]/ul[1]/li[1]/ul[1]/li[1]/a[1]]
2022-05-18 14:05:559 INFO  BuildYourOwnComputerPage :73 - Clicking on BuildYourOwnComputer : [[ChromeDriver: chrome on WINDOWS (179b0f8c4bcceb5535aaf75206bf3745)] -> xpath: //body/div[6]/div[3]/div[1]/div[3]/div[1]/div[2]/div[2]/div[2]/div[1]/div[1]/div[1]/div[1]/div[2]/h2[1]/a[1]]
2022-05-18 14:05:678 INFO  BuildYourOwnComputerPage :83 - Selecting Processor: [[ChromeDriver: chrome on WINDOWS (179b0f8c4bcceb5535aaf75206bf3745)] -> xpath: //select[@name='product_attribute_1']]
2022-05-18 14:05:871 INFO  BuildYourOwnComputerPage :88 - Selecting Ram: [[ChromeDriver: chrome on WINDOWS (179b0f8c4bcceb5535aaf75206bf3745)] -> xpath: //select[@name='product_attribute_2']]
2022-05-18 14:05:64 INFO  BuildYourOwnComputerPage :137 - Clicking on Hdd: [[ChromeDriver: chrome on WINDOWS (179b0f8c4bcceb5535aaf75206bf3745)] -> xpath: //input[@id='product_attribute_3_6']]
2022-05-18 14:05:226 INFO  BuildYourOwnComputerPage :147 - Clicking on getOsRadio: [[ChromeDriver: chrome on WINDOWS (179b0f8c4bcceb5535aaf75206bf3745)] -> xpath: //input[@id='product_attribute_4_9']]
2022-05-18 14:05:419 INFO  BuildYourOwnComputerPage :170 - Clicking on AddToCartButton[[ChromeDriver: chrome on WINDOWS (179b0f8c4bcceb5535aaf75206bf3745)] -> xpath: //button[@id='add-to-cart-button-1']]
2022-05-18 14:05:538 INFO  ManageDriver :31 - Launching Chrome Browser
2022-05-18 14:05:937 INFO  ComputerPage :39 - Clicking on DesktopLink[[ChromeDriver: chrome on WINDOWS (673fa35bd93cbd12bfeb9a0583d98249)] -> xpath: //body/div[6]/div[3]/div[1]/div[2]/div[1]/div[2]/ul[1]/li[1]/ul[1]/li[1]/a[1]]
2022-05-18 14:05:390 INFO  BuildYourOwnComputerPage :73 - Clicking on BuildYourOwnComputer : [[ChromeDriver: chrome on WINDOWS (673fa35bd93cbd12bfeb9a0583d98249)] -> xpath: //body/div[6]/div[3]/div[1]/div[3]/div[1]/div[2]/div[2]/div[2]/div[1]/div[1]/div[1]/div[1]/div[2]/h2[1]/a[1]]
2022-05-18 14:05:847 INFO  BuildYourOwnComputerPage :83 - Selecting Processor: [[ChromeDriver: chrome on WINDOWS (673fa35bd93cbd12bfeb9a0583d98249)] -> xpath: //select[@name='product_attribute_1']]
2022-05-18 14:05:246 INFO  BuildYourOwnComputerPage :88 - Selecting Ram: [[ChromeDriver: chrome on WINDOWS (673fa35bd93cbd12bfeb9a0583d98249)] -> xpath: //select[@name='product_attribute_2']]
2022-05-18 14:05:679 INFO  BuildYourOwnComputerPage :137 - Clicking on Hdd: [[ChromeDriver: chrome on WINDOWS (673fa35bd93cbd12bfeb9a0583d98249)] -> xpath: //input[@id='product_attribute_3_6']]
2022-05-18 14:05:814 INFO  BuildYourOwnComputerPage :147 - Clicking on getOsRadio: [[ChromeDriver: chrome on WINDOWS (673fa35bd93cbd12bfeb9a0583d98249)] -> xpath: //input[@id='product_attribute_4_9']]
2022-05-18 14:05:296 INFO  BuildYourOwnComputerPage :170 - Clicking on AddToCartButton[[ChromeDriver: chrome on WINDOWS (673fa35bd93cbd12bfeb9a0583d98249)] -> xpath: //button[@id='add-to-cart-button-1']]
2022-05-18 14:05:596 INFO  BuildYourOwnComputerPage :122 - getting ProductAdded Message from: [[ChromeDriver: chrome on WINDOWS (673fa35bd93cbd12bfeb9a0583d98249)] -> xpath: //body/div[@id='bar-notification']/div[1]/p[1]]
2022-05-18 14:05:123 INFO  ManageDriver :31 - Launching Chrome Browser
2022-05-18 14:05:866 INFO  ComputerPage :39 - Clicking on DesktopLink[[ChromeDriver: chrome on WINDOWS (ef4b0e3ebfad4acbb2b585b5becf4b20)] -> xpath: //body/div[6]/div[3]/div[1]/div[2]/div[1]/div[2]/ul[1]/li[1]/ul[1]/li[1]/a[1]]
2022-05-18 14:05:589 INFO  BuildYourOwnComputerPage :73 - Clicking on BuildYourOwnComputer : [[ChromeDriver: chrome on WINDOWS (ef4b0e3ebfad4acbb2b585b5becf4b20)] -> xpath: //body/div[6]/div[3]/div[1]/div[3]/div[1]/div[2]/div[2]/div[2]/div[1]/div[1]/div[1]/div[1]/div[2]/h2[1]/a[1]]
2022-05-18 14:05:844 INFO  BuildYourOwnComputerPage :83 - Selecting Processor: [[ChromeDriver: chrome on WINDOWS (ef4b0e3ebfad4acbb2b585b5becf4b20)] -> xpath: //select[@name='product_attribute_1']]
2022-05-18 14:05:29 INFO  BuildYourOwnComputerPage :88 - Selecting Ram: [[ChromeDriver: chrome on WINDOWS (ef4b0e3ebfad4acbb2b585b5becf4b20)] -> xpath: //select[@name='product_attribute_2']]
2022-05-18 14:05:176 INFO  BuildYourOwnComputerPage :137 - Clicking on Hdd: [[ChromeDriver: chrome on WINDOWS (ef4b0e3ebfad4acbb2b585b5becf4b20)] -> xpath: //input[@id='product_attribute_3_6']]
2022-05-18 14:05:304 INFO  BuildYourOwnComputerPage :147 - Clicking on getOsRadio: [[ChromeDriver: chrome on WINDOWS (ef4b0e3ebfad4acbb2b585b5becf4b20)] -> xpath: //input[@id='product_attribute_4_9']]
2022-05-18 14:05:429 INFO  BuildYourOwnComputerPage :170 - Clicking on AddToCartButton[[ChromeDriver: chrome on WINDOWS (ef4b0e3ebfad4acbb2b585b5becf4b20)] -> xpath: //button[@id='add-to-cart-button-1']]
2022-05-18 14:05:483 INFO  BuildYourOwnComputerPage :122 - getting ProductAdded Message from: [[ChromeDriver: chrome on WINDOWS (ef4b0e3ebfad4acbb2b585b5becf4b20)] -> xpath: //body/div[@id='bar-notification']/div[1]/p[1]]
2022-05-18 14:05:360 INFO  ManageDriver :31 - Launching Chrome Browser
2022-05-18 14:05:439 INFO  ComputerPage :39 - Clicking on DesktopLink[[ChromeDriver: chrome on WINDOWS (e857494c50fb57330bf53fc98f85baeb)] -> xpath: //body/div[6]/div[3]/div[1]/div[2]/div[1]/div[2]/ul[1]/li[1]/ul[1]/li[1]/a[1]]
2022-05-18 14:05:170 INFO  BuildYourOwnComputerPage :73 - Clicking on BuildYourOwnComputer : [[ChromeDriver: chrome on WINDOWS (e857494c50fb57330bf53fc98f85baeb)] -> xpath: //body/div[6]/div[3]/div[1]/div[3]/div[1]/div[2]/div[2]/div[2]/div[1]/div[1]/div[1]/div[1]/div[2]/h2[1]/a[1]]
2022-05-18 14:05:298 INFO  BuildYourOwnComputerPage :83 - Selecting Processor: [[ChromeDriver: chrome on WINDOWS (e857494c50fb57330bf53fc98f85baeb)] -> xpath: //select[@name='product_attribute_1']]
2022-05-18 14:05:445 INFO  BuildYourOwnComputerPage :88 - Selecting Ram: [[ChromeDriver: chrome on WINDOWS (e857494c50fb57330bf53fc98f85baeb)] -> xpath: //select[@name='product_attribute_2']]
2022-05-18 14:05:582 INFO  BuildYourOwnComputerPage :137 - Clicking on Hdd: [[ChromeDriver: chrome on WINDOWS (e857494c50fb57330bf53fc98f85baeb)] -> xpath: //input[@id='product_attribute_3_6']]
2022-05-18 14:05:683 INFO  BuildYourOwnComputerPage :147 - Clicking on getOsRadio: [[ChromeDriver: chrome on WINDOWS (e857494c50fb57330bf53fc98f85baeb)] -> xpath: //input[@id='product_attribute_4_9']]
2022-05-18 14:05:811 INFO  BuildYourOwnComputerPage :170 - Clicking on AddToCartButton[[ChromeDriver: chrome on WINDOWS (e857494c50fb57330bf53fc98f85baeb)] -> xpath: //button[@id='add-to-cart-button-1']]
2022-05-18 14:05:703 INFO  BuildYourOwnComputerPage :122 - getting ProductAdded Message from: [[ChromeDriver: chrome on WINDOWS (e857494c50fb57330bf53fc98f85baeb)] -> xpath: //body/div[@id='bar-notification']/div[1]/p[1]]
2022-05-18 14:05:661 INFO  ManageDriver :31 - Launching Chrome Browser
2022-05-18 14:05:398 INFO  ComputerPage :33 - getting ComputersText  from [[ChromeDriver: chrome on WINDOWS (94311f1e150fb706a97a58f18165943b)] -> xpath: //h1[contains(text(),'Computers')]]
2022-05-18 14:05:561 INFO  ManageDriver :31 - Launching Chrome Browser
2022-05-18 14:05:246 INFO  ComputerPage :39 - Clicking on DesktopLink[[ChromeDriver: chrome on WINDOWS (14f5e309274eaddcf67c242d10cf306a)] -> xpath: //body/div[6]/div[3]/div[1]/div[2]/div[1]/div[2]/ul[1]/li[1]/ul[1]/li[1]/a[1]]
2022-05-18 14:05:275 INFO  DesktopsPage :37 - getting desktops Text : [[ChromeDriver: chrome on WINDOWS (14f5e309274eaddcf67c242d10cf306a)] -> xpath: //h1[contains(text(),'Desktops')]]
2022-05-18 14:05:393 INFO  ManageDriver :31 - Launching Chrome Browser
2022-05-18 14:05:410 INFO  ComputerPage :39 - Clicking on DesktopLink[[ChromeDriver: chrome on WINDOWS (b22a85dcabaa58f0afc82aacae7fedcf)] -> xpath: //body/div[6]/div[3]/div[1]/div[2]/div[1]/div[2]/ul[1]/li[1]/ul[1]/li[1]/a[1]]
2022-05-18 14:05:677 INFO  BuildYourOwnComputerPage :73 - Clicking on BuildYourOwnComputer : [[ChromeDriver: chrome on WINDOWS (b22a85dcabaa58f0afc82aacae7fedcf)] -> xpath: //body/div[6]/div[3]/div[1]/div[3]/div[1]/div[2]/div[2]/div[2]/div[1]/div[1]/div[1]/div[1]/div[2]/h2[1]/a[1]]
2022-05-18 14:05:892 INFO  BuildYourOwnComputerPage :83 - Selecting Processor: [[ChromeDriver: chrome on WINDOWS (b22a85dcabaa58f0afc82aacae7fedcf)] -> xpath: //select[@name='product_attribute_1']]
2022-05-18 14:05:85 INFO  BuildYourOwnComputerPage :88 - Selecting Ram: [[ChromeDriver: chrome on WINDOWS (b22a85dcabaa58f0afc82aacae7fedcf)] -> xpath: //select[@name='product_attribute_2']]
2022-05-18 14:05:228 INFO  BuildYourOwnComputerPage :137 - Clicking on Hdd: [[ChromeDriver: chrome on WINDOWS (b22a85dcabaa58f0afc82aacae7fedcf)] -> xpath: //input[@id='product_attribute_3_6']]
2022-05-18 14:05:375 INFO  BuildYourOwnComputerPage :147 - Clicking on getOsRadio: [[ChromeDriver: chrome on WINDOWS (b22a85dcabaa58f0afc82aacae7fedcf)] -> xpath: //input[@id='product_attribute_4_9']]
2022-05-18 14:05:539 INFO  BuildYourOwnComputerPage :170 - Clicking on AddToCartButton[[ChromeDriver: chrome on WINDOWS (b22a85dcabaa58f0afc82aacae7fedcf)] -> xpath: //button[@id='add-to-cart-button-1']]
2022-05-18 14:05:367 INFO  BuildYourOwnComputerPage :122 - getting ProductAdded Message from: [[ChromeDriver: chrome on WINDOWS (b22a85dcabaa58f0afc82aacae7fedcf)] -> xpath: //body/div[@id='bar-notification']/div[1]/p[1]]
2022-05-18 14:05:465 INFO  ManageDriver :31 - Launching Chrome Browser
2022-05-18 14:05:169 INFO  ComputerPage :39 - Clicking on DesktopLink[[ChromeDriver: chrome on WINDOWS (c75ebdbcb971c7755693d03328bd71b1)] -> xpath: //body/div[6]/div[3]/div[1]/div[2]/div[1]/div[2]/ul[1]/li[1]/ul[1]/li[1]/a[1]]
2022-05-18 14:05:599 INFO  BuildYourOwnComputerPage :73 - Clicking on BuildYourOwnComputer : [[ChromeDriver: chrome on WINDOWS (c75ebdbcb971c7755693d03328bd71b1)] -> xpath: //body/div[6]/div[3]/div[1]/div[3]/div[1]/div[2]/div[2]/div[2]/div[1]/div[1]/div[1]/div[1]/div[2]/h2[1]/a[1]]
2022-05-18 14:05:859 INFO  BuildYourOwnComputerPage :83 - Selecting Processor: [[ChromeDriver: chrome on WINDOWS (c75ebdbcb971c7755693d03328bd71b1)] -> xpath: //select[@name='product_attribute_1']]
2022-05-18 14:05:294 INFO  BuildYourOwnComputerPage :88 - Selecting Ram: [[ChromeDriver: chrome on WINDOWS (c75ebdbcb971c7755693d03328bd71b1)] -> xpath: //select[@name='product_attribute_2']]
2022-05-18 14:05:643 INFO  BuildYourOwnComputerPage :137 - Clicking on Hdd: [[ChromeDriver: chrome on WINDOWS (c75ebdbcb971c7755693d03328bd71b1)] -> xpath: //input[@id='product_attribute_3_6']]
2022-05-18 14:05:29 INFO  BuildYourOwnComputerPage :147 - Clicking on getOsRadio: [[ChromeDriver: chrome on WINDOWS (c75ebdbcb971c7755693d03328bd71b1)] -> xpath: //input[@id='product_attribute_4_9']]
2022-05-18 14:05:326 INFO  BuildYourOwnComputerPage :170 - Clicking on AddToCartButton[[ChromeDriver: chrome on WINDOWS (c75ebdbcb971c7755693d03328bd71b1)] -> xpath: //button[@id='add-to-cart-button-1']]
2022-05-18 14:05:654 INFO  BuildYourOwnComputerPage :122 - getting ProductAdded Message from: [[ChromeDriver: chrome on WINDOWS (c75ebdbcb971c7755693d03328bd71b1)] -> xpath: //body/div[@id='bar-notification']/div[1]/p[1]]
2022-05-18 14:05:926 INFO  ManageDriver :31 - Launching Chrome Browser
2022-05-18 14:05:543 INFO  ComputerPage :39 - Clicking on DesktopLink[[ChromeDriver: chrome on WINDOWS (93888305a9657300afcda9b4aec1ad3b)] -> xpath: //body/div[6]/div[3]/div[1]/div[2]/div[1]/div[2]/ul[1]/li[1]/ul[1]/li[1]/a[1]]
2022-05-18 14:05:281 INFO  BuildYourOwnComputerPage :73 - Clicking on BuildYourOwnComputer : [[ChromeDriver: chrome on WINDOWS (93888305a9657300afcda9b4aec1ad3b)] -> xpath: //body/div[6]/div[3]/div[1]/div[3]/div[1]/div[2]/div[2]/div[2]/div[1]/div[1]/div[1]/div[1]/div[2]/h2[1]/a[1]]
2022-05-18 14:05:442 INFO  BuildYourOwnComputerPage :83 - Selecting Processor: [[ChromeDriver: chrome on WINDOWS (93888305a9657300afcda9b4aec1ad3b)] -> xpath: //select[@name='product_attribute_1']]
2022-05-18 14:05:612 INFO  BuildYourOwnComputerPage :88 - Selecting Ram: [[ChromeDriver: chrome on WINDOWS (93888305a9657300afcda9b4aec1ad3b)] -> xpath: //select[@name='product_attribute_2']]
2022-05-18 14:05:753 INFO  BuildYourOwnComputerPage :137 - Clicking on Hdd: [[ChromeDriver: chrome on WINDOWS (93888305a9657300afcda9b4aec1ad3b)] -> xpath: //input[@id='product_attribute_3_6']]
2022-05-18 14:05:883 INFO  BuildYourOwnComputerPage :147 - Clicking on getOsRadio: [[ChromeDriver: chrome on WINDOWS (93888305a9657300afcda9b4aec1ad3b)] -> xpath: //input[@id='product_attribute_4_9']]
2022-05-18 14:05:08 INFO  BuildYourOwnComputerPage :170 - Clicking on AddToCartButton[[ChromeDriver: chrome on WINDOWS (93888305a9657300afcda9b4aec1ad3b)] -> xpath: //button[@id='add-to-cart-button-1']]
2022-05-18 14:05:832 INFO  BuildYourOwnComputerPage :122 - getting ProductAdded Message from: [[ChromeDriver: chrome on WINDOWS (93888305a9657300afcda9b4aec1ad3b)] -> xpath: //body/div[@id='bar-notification']/div[1]/p[1]]
2022-05-18 14:05:914 INFO  ManageDriver :31 - Launching Chrome Browser
2022-05-18 14:05:762 INFO  LoginPage :65 - Verify The Text: [[ChromeDriver: chrome on WINDOWS (ad41e6296de2ed48ca7a8935a52e6ff7)] -> xpath: //h1[contains(text(),'Welcome, Please Sign In!')]]
2022-05-18 14:05:796 INFO  ManageDriver :31 - Launching Chrome Browser
2022-05-18 14:05:00 INFO  LoginPage :46 - Enter Email: [[ChromeDriver: chrome on WINDOWS (bd3a2c20822fb6fbaa3b01ebaada3fc5)] -> xpath: //input[@id='Email']]
2022-05-18 14:05:105 INFO  LoginPage :51 - Enter Pasword: [[ChromeDriver: chrome on WINDOWS (bd3a2c20822fb6fbaa3b01ebaada3fc5)] -> xpath: //input[@id='Password']]
2022-05-18 14:05:193 INFO  LoginPage :56 - Click On Log In: [[ChromeDriver: chrome on WINDOWS (bd3a2c20822fb6fbaa3b01ebaada3fc5)] -> xpath: //button[contains(text(),'Log in')]]
2022-05-18 14:05:227 INFO  LoginPage :71 - Verify the Text: [[ChromeDriver: chrome on WINDOWS (bd3a2c20822fb6fbaa3b01ebaada3fc5)] -> xpath: //body/div[6]/div[3]/div[1]/div[1]/div[1]/div[2]/div[1]/div[2]/form[1]/div[1]]
2022-05-18 14:05:228 INFO  ManageDriver :31 - Launching Chrome Browser
2022-05-18 14:05:876 INFO  LoginPage :46 - Enter Email: [[ChromeDriver: chrome on WINDOWS (bf34866e247486fa52d3ac336bb819aa)] -> xpath: //input[@id='Email']]
2022-05-18 14:05:990 INFO  LoginPage :51 - Enter Pasword: [[ChromeDriver: chrome on WINDOWS (bf34866e247486fa52d3ac336bb819aa)] -> xpath: //input[@id='Password']]
2022-05-18 14:05:579 INFO  LoginPage :56 - Click On Log In: [[ChromeDriver: chrome on WINDOWS (bf34866e247486fa52d3ac336bb819aa)] -> xpath: //button[contains(text(),'Log in')]]
2022-05-18 14:05:641 INFO  ManageDriver :31 - Launching Chrome Browser
2022-05-18 14:05:28 INFO  LoginPage :46 - Enter Email: [[ChromeDriver: chrome on WINDOWS (51a3997e6d520d54cee97661d3546370)] -> xpath: //input[@id='Email']]
2022-05-18 14:05:342 INFO  LoginPage :51 - Enter Pasword: [[ChromeDriver: chrome on WINDOWS (51a3997e6d520d54cee97661d3546370)] -> xpath: //input[@id='Password']]
2022-05-18 14:05:837 INFO  LoginPage :56 - Click On Log In: [[ChromeDriver: chrome on WINDOWS (51a3997e6d520d54cee97661d3546370)] -> xpath: //button[contains(text(),'Log in')]]
2022-05-18 14:05:530 INFO  ManageDriver :31 - Launching Chrome Browser
2022-05-18 14:05:465 INFO  RegisterPage :79 - Verify the Text: [[ChromeDriver: chrome on WINDOWS (4020aed47bda61d5db40d68e5a7932ea)] -> xpath: //button[@id='register-button']]
2022-05-18 14:05:238 INFO  ManageDriver :31 - Launching Chrome Browser
2022-05-18 14:05:606 INFO  RegisterPage :134 - Click On RegisterButton: [[ChromeDriver: chrome on WINDOWS (8c62bab90971f9bf709b9de44cdd7cab)] -> xpath: //button[@id='register-button']]
2022-05-18 14:05:638 INFO  RegisterPage :154 - getting FirstNameError text from [[ChromeDriver: chrome on WINDOWS (8c62bab90971f9bf709b9de44cdd7cab)] -> xpath: //span[@id='FirstName-error']]
2022-05-18 14:05:722 INFO  RegisterPage :158 - getting LastNameError text from [[ChromeDriver: chrome on WINDOWS (8c62bab90971f9bf709b9de44cdd7cab)] -> xpath: //span[@id='LastName-error']]
2022-05-18 14:05:792 INFO  RegisterPage :162 - getting EmailError text from [[ChromeDriver: chrome on WINDOWS (8c62bab90971f9bf709b9de44cdd7cab)] -> xpath: //span[@id='Email-error']]
2022-05-18 14:05:838 INFO  RegisterPage :166 - getting PasswordError text from [[ChromeDriver: chrome on WINDOWS (8c62bab90971f9bf709b9de44cdd7cab)] -> xpath: //span[@id='Password-error']]
2022-05-18 14:05:878 INFO  RegisterPage :170 - getting ConfirmPasswordError text from [[ChromeDriver: chrome on WINDOWS (8c62bab90971f9bf709b9de44cdd7cab)] -> xpath: //span[@id='ConfirmPassword-error']]
2022-05-18 14:05:58 INFO  ManageDriver :31 - Launching Chrome Browser
2022-05-18 14:05:987 INFO  RegisterPage :88 - Clicking on Female Button:[[ChromeDriver: chrome on WINDOWS (88722825cc2b38930ccebeb99f504c3c)] -> xpath: //input[@id='gender-female']]
2022-05-18 14:05:107 INFO  RegisterPage :93 - Entering FirstName: [[ChromeDriver: chrome on WINDOWS (88722825cc2b38930ccebeb99f504c3c)] -> xpath: //input[@id='FirstName']]
2022-05-18 14:05:227 INFO  RegisterPage :98 - Entering Last Name : [[ChromeDriver: chrome on WINDOWS (88722825cc2b38930ccebeb99f504c3c)] -> xpath: //input[@id='LastName']]
2022-05-18 14:05:344 INFO  RegisterPage :103 - Select Day Of Birth: [[ChromeDriver: chrome on WINDOWS (88722825cc2b38930ccebeb99f504c3c)] -> xpath: //body/div[6]/div[3]/div[1]/div[1]/div[1]/div[2]/form[1]/div[1]/div[2]/div[4]/div[1]/select[1]]
2022-05-18 14:05:443 INFO  RegisterPage :108 - Select the Month Of Birth: [[ChromeDriver: chrome on WINDOWS (88722825cc2b38930ccebeb99f504c3c)] -> xpath: //body/div[6]/div[3]/div[1]/div[1]/div[1]/div[2]/form[1]/div[1]/div[2]/div[4]/div[1]/select[2]]
2022-05-18 14:05:549 INFO  RegisterPage :113 - Select the Year of Birth: [[ChromeDriver: chrome on WINDOWS (88722825cc2b38930ccebeb99f504c3c)] -> xpath: //body/div[6]/div[3]/div[1]/div[1]/div[1]/div[2]/form[1]/div[1]/div[2]/div[4]/div[1]/select[3]]
2022-05-18 14:05:672 INFO  RegisterPage :118 - Enter Email: [[ChromeDriver: chrome on WINDOWS (88722825cc2b38930ccebeb99f504c3c)] -> xpath: //input[@id='Email']]
2022-05-18 14:05:805 INFO  RegisterPage :123 - Enter Password: [[ChromeDriver: chrome on WINDOWS (88722825cc2b38930ccebeb99f504c3c)] -> xpath: //input[@id='Password']]
2022-05-18 14:05:920 INFO  RegisterPage :128 - Enter Confirm Password: [[ChromeDriver: chrome on WINDOWS (88722825cc2b38930ccebeb99f504c3c)] -> xpath: //input[@id='ConfirmPassword']]
2022-05-18 14:05:782 INFO  RegisterPage :134 - Click On RegisterButton: [[ChromeDriver: chrome on WINDOWS (88722825cc2b38930ccebeb99f504c3c)] -> xpath: //button[@id='register-button']]
2022-05-18 14:05:829 INFO  RegisterPage :138 - Verify the Text: [[ChromeDriver: chrome on WINDOWS (88722825cc2b38930ccebeb99f504c3c)] -> xpath: //div[contains(text(),'Your registration completed')]]
2022-05-18 22:05:920 INFO  ManageDriver :31 - Launching Chrome Browser
2022-05-18 22:05:950 INFO  ComputerPage :33 - getting ComputersText  from [[ChromeDriver: chrome on WINDOWS (5c2c5ece6e0697c8b5f6c9c0cc4cc8f3)] -> xpath: //h1[contains(text(),'Computers')]]
2022-05-18 22:05:573 INFO  ManageDriver :31 - Launching Chrome Browser
2022-05-18 22:05:636 INFO  ComputerPage :39 - Clicking on DesktopLink[[ChromeDriver: chrome on WINDOWS (ff3a68cfef2e5d8fd5b06347a9f9d63f)] -> xpath: //body/div[6]/div[3]/div[1]/div[2]/div[1]/div[2]/ul[1]/li[1]/ul[1]/li[1]/a[1]]
2022-05-18 22:05:95 INFO  DesktopsPage :37 - getting desktops Text : [[ChromeDriver: chrome on WINDOWS (ff3a68cfef2e5d8fd5b06347a9f9d63f)] -> xpath: //h1[contains(text(),'Desktops')]]
2022-05-18 22:05:680 INFO  ManageDriver :31 - Launching Chrome Browser
2022-05-18 22:05:809 INFO  ComputerPage :39 - Clicking on DesktopLink[[ChromeDriver: chrome on WINDOWS (4bc0a79f560ecfe17a151efd24fd4452)] -> xpath: //body/div[6]/div[3]/div[1]/div[2]/div[1]/div[2]/ul[1]/li[1]/ul[1]/li[1]/a[1]]
2022-05-18 22:05:83 INFO  BuildYourOwnComputerPage :73 - Clicking on BuildYourOwnComputer : [[ChromeDriver: chrome on WINDOWS (4bc0a79f560ecfe17a151efd24fd4452)] -> xpath: //body/div[6]/div[3]/div[1]/div[3]/div[1]/div[2]/div[2]/div[2]/div[1]/div[1]/div[1]/div[1]/div[2]/h2[1]/a[1]]
2022-05-18 22:05:358 INFO  BuildYourOwnComputerPage :83 - Selecting Processor: [[ChromeDriver: chrome on WINDOWS (4bc0a79f560ecfe17a151efd24fd4452)] -> xpath: //select[@name='product_attribute_1']]
2022-05-18 22:05:646 INFO  BuildYourOwnComputerPage :88 - Selecting Ram: [[ChromeDriver: chrome on WINDOWS (4bc0a79f560ecfe17a151efd24fd4452)] -> xpath: //select[@name='product_attribute_2']]
2022-05-18 22:05:868 INFO  BuildYourOwnComputerPage :137 - Clicking on Hdd: [[ChromeDriver: chrome on WINDOWS (4bc0a79f560ecfe17a151efd24fd4452)] -> xpath: //input[@id='product_attribute_3_6']]
2022-05-18 22:05:71 INFO  BuildYourOwnComputerPage :147 - Clicking on getOsRadio: [[ChromeDriver: chrome on WINDOWS (4bc0a79f560ecfe17a151efd24fd4452)] -> xpath: //input[@id='product_attribute_4_9']]
2022-05-18 22:05:274 INFO  BuildYourOwnComputerPage :170 - Clicking on AddToCartButton[[ChromeDriver: chrome on WINDOWS (4bc0a79f560ecfe17a151efd24fd4452)] -> xpath: //button[@id='add-to-cart-button-1']]
2022-05-18 22:05:345 INFO  BuildYourOwnComputerPage :122 - getting ProductAdded Message from: [[ChromeDriver: chrome on WINDOWS (4bc0a79f560ecfe17a151efd24fd4452)] -> xpath: //body/div[@id='bar-notification']/div[1]/p[1]]
2022-05-18 22:05:430 INFO  ManageDriver :31 - Launching Chrome Browser
2022-05-18 22:05:899 INFO  ComputerPage :39 - Clicking on DesktopLink[[ChromeDriver: chrome on WINDOWS (3872dd012f9e8ac157dc05eba402ac1d)] -> xpath: //body/div[6]/div[3]/div[1]/div[2]/div[1]/div[2]/ul[1]/li[1]/ul[1]/li[1]/a[1]]
2022-05-18 22:05:621 INFO  BuildYourOwnComputerPage :73 - Clicking on BuildYourOwnComputer : [[ChromeDriver: chrome on WINDOWS (3872dd012f9e8ac157dc05eba402ac1d)] -> xpath: //body/div[6]/div[3]/div[1]/div[3]/div[1]/div[2]/div[2]/div[2]/div[1]/div[1]/div[1]/div[1]/div[2]/h2[1]/a[1]]
2022-05-18 22:05:889 INFO  BuildYourOwnComputerPage :83 - Selecting Processor: [[ChromeDriver: chrome on WINDOWS (3872dd012f9e8ac157dc05eba402ac1d)] -> xpath: //select[@name='product_attribute_1']]
2022-05-18 22:05:199 INFO  BuildYourOwnComputerPage :88 - Selecting Ram: [[ChromeDriver: chrome on WINDOWS (3872dd012f9e8ac157dc05eba402ac1d)] -> xpath: //select[@name='product_attribute_2']]
2022-05-18 22:05:564 INFO  BuildYourOwnComputerPage :137 - Clicking on Hdd: [[ChromeDriver: chrome on WINDOWS (3872dd012f9e8ac157dc05eba402ac1d)] -> xpath: //input[@id='product_attribute_3_6']]
2022-05-18 22:05:858 INFO  BuildYourOwnComputerPage :147 - Clicking on getOsRadio: [[ChromeDriver: chrome on WINDOWS (3872dd012f9e8ac157dc05eba402ac1d)] -> xpath: //input[@id='product_attribute_4_9']]
2022-05-18 22:05:40 INFO  BuildYourOwnComputerPage :170 - Clicking on AddToCartButton[[ChromeDriver: chrome on WINDOWS (3872dd012f9e8ac157dc05eba402ac1d)] -> xpath: //button[@id='add-to-cart-button-1']]
2022-05-18 22:05:98 INFO  BuildYourOwnComputerPage :122 - getting ProductAdded Message from: [[ChromeDriver: chrome on WINDOWS (3872dd012f9e8ac157dc05eba402ac1d)] -> xpath: //body/div[@id='bar-notification']/div[1]/p[1]]
2022-05-18 22:05:935 INFO  ManageDriver :31 - Launching Chrome Browser
2022-05-18 22:05:695 INFO  ComputerPage :39 - Clicking on DesktopLink[[ChromeDriver: chrome on WINDOWS (c7f48205f6763adaff8fbbc85e270e85)] -> xpath: //body/div[6]/div[3]/div[1]/div[2]/div[1]/div[2]/ul[1]/li[1]/ul[1]/li[1]/a[1]]
2022-05-18 22:05:898 INFO  BuildYourOwnComputerPage :73 - Clicking on BuildYourOwnComputer : [[ChromeDriver: chrome on WINDOWS (c7f48205f6763adaff8fbbc85e270e85)] -> xpath: //body/div[6]/div[3]/div[1]/div[3]/div[1]/div[2]/div[2]/div[2]/div[1]/div[1]/div[1]/div[1]/div[2]/h2[1]/a[1]]
2022-05-18 22:05:158 INFO  BuildYourOwnComputerPage :83 - Selecting Processor: [[ChromeDriver: chrome on WINDOWS (c7f48205f6763adaff8fbbc85e270e85)] -> xpath: //select[@name='product_attribute_1']]
2022-05-18 22:05:396 INFO  BuildYourOwnComputerPage :88 - Selecting Ram: [[ChromeDriver: chrome on WINDOWS (c7f48205f6763adaff8fbbc85e270e85)] -> xpath: //select[@name='product_attribute_2']]
2022-05-18 22:05:646 INFO  BuildYourOwnComputerPage :137 - Clicking on Hdd: [[ChromeDriver: chrome on WINDOWS (c7f48205f6763adaff8fbbc85e270e85)] -> xpath: //input[@id='product_attribute_3_6']]
2022-05-18 22:05:770 INFO  BuildYourOwnComputerPage :147 - Clicking on getOsRadio: [[ChromeDriver: chrome on WINDOWS (c7f48205f6763adaff8fbbc85e270e85)] -> xpath: //input[@id='product_attribute_4_9']]
2022-05-18 22:05:948 INFO  BuildYourOwnComputerPage :170 - Clicking on AddToCartButton[[ChromeDriver: chrome on WINDOWS (c7f48205f6763adaff8fbbc85e270e85)] -> xpath: //button[@id='add-to-cart-button-1']]
2022-05-18 22:05:427 INFO  BuildYourOwnComputerPage :122 - getting ProductAdded Message from: [[ChromeDriver: chrome on WINDOWS (c7f48205f6763adaff8fbbc85e270e85)] -> xpath: //body/div[@id='bar-notification']/div[1]/p[1]]
2022-05-18 22:05:498 INFO  ManageDriver :31 - Launching Chrome Browser
2022-05-18 22:05:968 INFO  LoginPage :65 - Verify The Text: [[ChromeDriver: chrome on WINDOWS (fad4e5054b5e7f29c40c1e84fd73f977)] -> xpath: //h1[contains(text(),'Welcome, Please Sign In!')]]
2022-05-18 22:05:393 INFO  ManageDriver :31 - Launching Chrome Browser
2022-05-18 22:05:873 INFO  LoginPage :46 - Enter Email: [[ChromeDriver: chrome on WINDOWS (5fbd49a131bbd3edda2e982ba52f586e)] -> xpath: //input[@id='Email']]
2022-05-18 22:05:829 INFO  LoginPage :51 - Enter Pasword: [[ChromeDriver: chrome on WINDOWS (5fbd49a131bbd3edda2e982ba52f586e)] -> xpath: //input[@id='Password']]
2022-05-18 22:05:510 INFO  LoginPage :56 - Click On Log In: [[ChromeDriver: chrome on WINDOWS (5fbd49a131bbd3edda2e982ba52f586e)] -> xpath: //button[contains(text(),'Log in')]]
2022-05-18 22:05:708 INFO  LoginPage :71 - Verify the Text: [[ChromeDriver: chrome on WINDOWS (5fbd49a131bbd3edda2e982ba52f586e)] -> xpath: //body/div[6]/div[3]/div[1]/div[1]/div[1]/div[2]/div[1]/div[2]/form[1]/div[1]]
2022-05-18 22:05:339 INFO  ManageDriver :31 - Launching Chrome Browser
2022-05-18 22:05:760 INFO  LoginPage :46 - Enter Email: [[ChromeDriver: chrome on WINDOWS (22e841c456eb3f55aff75c7c2fbf661e)] -> xpath: //input[@id='Email']]
2022-05-18 22:05:407 INFO  LoginPage :51 - Enter Pasword: [[ChromeDriver: chrome on WINDOWS (22e841c456eb3f55aff75c7c2fbf661e)] -> xpath: //input[@id='Password']]
2022-05-18 22:05:916 INFO  LoginPage :56 - Click On Log In: [[ChromeDriver: chrome on WINDOWS (22e841c456eb3f55aff75c7c2fbf661e)] -> xpath: //button[contains(text(),'Log in')]]
2022-05-18 22:05:912 INFO  ManageDriver :31 - Launching Chrome Browser
2022-05-18 22:05:759 INFO  LoginPage :46 - Enter Email: [[ChromeDriver: chrome on WINDOWS (90540e43313833b7e821163c2ea6d88e)] -> xpath: //input[@id='Email']]
2022-05-18 22:05:54 INFO  LoginPage :51 - Enter Pasword: [[ChromeDriver: chrome on WINDOWS (90540e43313833b7e821163c2ea6d88e)] -> xpath: //input[@id='Password']]
2022-05-18 22:05:933 INFO  LoginPage :56 - Click On Log In: [[ChromeDriver: chrome on WINDOWS (90540e43313833b7e821163c2ea6d88e)] -> xpath: //button[contains(text(),'Log in')]]
2022-05-18 22:05:887 INFO  ManageDriver :31 - Launching Chrome Browser
2022-05-18 22:05:571 INFO  RegisterPage :79 - Verify the Text: [[ChromeDriver: chrome on WINDOWS (152b27f809ce899fda0743836596d6d5)] -> xpath: //button[@id='register-button']]
2022-05-18 22:05:650 INFO  ManageDriver :31 - Launching Chrome Browser
2022-05-18 22:05:209 INFO  RegisterPage :134 - Click On RegisterButton: [[ChromeDriver: chrome on WINDOWS (cbe6dab2e30bd8d1cb5b2ec5c6ca9ea4)] -> xpath: //button[@id='register-button']]
2022-05-18 22:05:400 INFO  RegisterPage :154 - getting FirstNameError text from [[ChromeDriver: chrome on WINDOWS (cbe6dab2e30bd8d1cb5b2ec5c6ca9ea4)] -> xpath: //span[@id='FirstName-error']]
2022-05-18 22:05:786 INFO  RegisterPage :158 - getting LastNameError text from [[ChromeDriver: chrome on WINDOWS (cbe6dab2e30bd8d1cb5b2ec5c6ca9ea4)] -> xpath: //span[@id='LastName-error']]
2022-05-18 22:05:189 INFO  RegisterPage :162 - getting EmailError text from [[ChromeDriver: chrome on WINDOWS (cbe6dab2e30bd8d1cb5b2ec5c6ca9ea4)] -> xpath: //span[@id='Email-error']]
2022-05-18 22:05:477 INFO  RegisterPage :166 - getting PasswordError text from [[ChromeDriver: chrome on WINDOWS (cbe6dab2e30bd8d1cb5b2ec5c6ca9ea4)] -> xpath: //span[@id='Password-error']]
2022-05-18 22:05:590 INFO  RegisterPage :170 - getting ConfirmPasswordError text from [[ChromeDriver: chrome on WINDOWS (cbe6dab2e30bd8d1cb5b2ec5c6ca9ea4)] -> xpath: //span[@id='ConfirmPassword-error']]
2022-05-18 22:05:683 INFO  ManageDriver :31 - Launching Chrome Browser
2022-05-18 22:05:419 INFO  RegisterPage :88 - Clicking on Female Button:[[ChromeDriver: chrome on WINDOWS (670a9a05c1a9cbf038607228f7eab885)] -> xpath: //input[@id='gender-female']]
2022-05-18 22:05:726 INFO  RegisterPage :93 - Entering FirstName: [[ChromeDriver: chrome on WINDOWS (670a9a05c1a9cbf038607228f7eab885)] -> xpath: //input[@id='FirstName']]
2022-05-18 22:05:74 INFO  RegisterPage :98 - Entering Last Name : [[ChromeDriver: chrome on WINDOWS (670a9a05c1a9cbf038607228f7eab885)] -> xpath: //input[@id='LastName']]
2022-05-18 22:05:408 INFO  RegisterPage :103 - Select Day Of Birth: [[ChromeDriver: chrome on WINDOWS (670a9a05c1a9cbf038607228f7eab885)] -> xpath: //body/div[6]/div[3]/div[1]/div[1]/div[1]/div[2]/form[1]/div[1]/div[2]/div[4]/div[1]/select[1]]
2022-05-18 22:05:645 INFO  RegisterPage :108 - Select the Month Of Birth: [[ChromeDriver: chrome on WINDOWS (670a9a05c1a9cbf038607228f7eab885)] -> xpath: //body/div[6]/div[3]/div[1]/div[1]/div[1]/div[2]/form[1]/div[1]/div[2]/div[4]/div[1]/select[2]]
2022-05-18 22:05:27 INFO  RegisterPage :113 - Select the Year of Birth: [[ChromeDriver: chrome on WINDOWS (670a9a05c1a9cbf038607228f7eab885)] -> xpath: //body/div[6]/div[3]/div[1]/div[1]/div[1]/div[2]/form[1]/div[1]/div[2]/div[4]/div[1]/select[3]]
2022-05-18 22:05:380 INFO  RegisterPage :118 - Enter Email: [[ChromeDriver: chrome on WINDOWS (670a9a05c1a9cbf038607228f7eab885)] -> xpath: //input[@id='Email']]
2022-05-18 22:05:759 INFO  RegisterPage :123 - Enter Password: [[ChromeDriver: chrome on WINDOWS (670a9a05c1a9cbf038607228f7eab885)] -> xpath: //input[@id='Password']]
2022-05-18 22:05:311 INFO  RegisterPage :128 - Enter Confirm Password: [[ChromeDriver: chrome on WINDOWS (670a9a05c1a9cbf038607228f7eab885)] -> xpath: //input[@id='ConfirmPassword']]
2022-05-18 22:05:640 INFO  RegisterPage :134 - Click On RegisterButton: [[ChromeDriver: chrome on WINDOWS (670a9a05c1a9cbf038607228f7eab885)] -> xpath: //button[@id='register-button']]
2022-05-18 22:05:87 INFO  RegisterPage :138 - Verify the Text: [[ChromeDriver: chrome on WINDOWS (670a9a05c1a9cbf038607228f7eab885)] -> xpath: //div[contains(text(),'Your registration completed')]]
2022-05-18 22:05:81 INFO  ManageDriver :31 - Launching Chrome Browser
2022-05-18 22:05:459 INFO  RegisterPage :79 - Verify the Text: [[ChromeDriver: chrome on WINDOWS (2b7e47840a0333c67cfe332509aedead)] -> xpath: //button[@id='register-button']]
2022-05-18 22:05:171 INFO  ManageDriver :31 - Launching Chrome Browser
2022-05-18 22:05:711 INFO  RegisterPage :134 - Click On RegisterButton: [[ChromeDriver: chrome on WINDOWS (b3d39b67bff9d0e95980d93aa0eff23d)] -> xpath: //button[@id='register-button']]
2022-05-18 22:05:765 INFO  RegisterPage :154 - getting FirstNameError text from [[ChromeDriver: chrome on WINDOWS (b3d39b67bff9d0e95980d93aa0eff23d)] -> xpath: //span[@id='FirstName-error']]
2022-05-18 22:05:968 INFO  RegisterPage :158 - getting LastNameError text from [[ChromeDriver: chrome on WINDOWS (b3d39b67bff9d0e95980d93aa0eff23d)] -> xpath: //span[@id='LastName-error']]
2022-05-18 22:05:72 INFO  RegisterPage :162 - getting EmailError text from [[ChromeDriver: chrome on WINDOWS (b3d39b67bff9d0e95980d93aa0eff23d)] -> xpath: //span[@id='Email-error']]
2022-05-18 22:05:221 INFO  RegisterPage :166 - getting PasswordError text from [[ChromeDriver: chrome on WINDOWS (b3d39b67bff9d0e95980d93aa0eff23d)] -> xpath: //span[@id='Password-error']]
2022-05-18 22:05:425 INFO  RegisterPage :170 - getting ConfirmPasswordError text from [[ChromeDriver: chrome on WINDOWS (b3d39b67bff9d0e95980d93aa0eff23d)] -> xpath: //span[@id='ConfirmPassword-error']]
2022-05-18 22:05:903 INFO  ManageDriver :31 - Launching Chrome Browser
2022-05-18 22:05:44 INFO  RegisterPage :88 - Clicking on Female Button:[[ChromeDriver: chrome on WINDOWS (976f765f34584262a0f21759d7e33ac3)] -> xpath: //input[@id='gender-female']]
2022-05-18 22:05:851 INFO  RegisterPage :93 - Entering FirstName: [[ChromeDriver: chrome on WINDOWS (976f765f34584262a0f21759d7e33ac3)] -> xpath: //input[@id='FirstName']]
2022-05-18 22:05:852 INFO  RegisterPage :98 - Entering Last Name : [[ChromeDriver: chrome on WINDOWS (976f765f34584262a0f21759d7e33ac3)] -> xpath: //input[@id='LastName']]
2022-05-18 22:05:588 INFO  RegisterPage :103 - Select Day Of Birth: [[ChromeDriver: chrome on WINDOWS (976f765f34584262a0f21759d7e33ac3)] -> xpath: //body/div[6]/div[3]/div[1]/div[1]/div[1]/div[2]/form[1]/div[1]/div[2]/div[4]/div[1]/select[1]]
2022-05-18 22:05:639 INFO  RegisterPage :108 - Select the Month Of Birth: [[ChromeDriver: chrome on WINDOWS (976f765f34584262a0f21759d7e33ac3)] -> xpath: //body/div[6]/div[3]/div[1]/div[1]/div[1]/div[2]/form[1]/div[1]/div[2]/div[4]/div[1]/select[2]]
2022-05-18 22:05:803 INFO  RegisterPage :113 - Select the Year of Birth: [[ChromeDriver: chrome on WINDOWS (976f765f34584262a0f21759d7e33ac3)] -> xpath: //body/div[6]/div[3]/div[1]/div[1]/div[1]/div[2]/form[1]/div[1]/div[2]/div[4]/div[1]/select[3]]
2022-05-18 22:05:781 INFO  RegisterPage :118 - Enter Email: [[ChromeDriver: chrome on WINDOWS (976f765f34584262a0f21759d7e33ac3)] -> xpath: //input[@id='Email']]
2022-05-18 22:05:578 INFO  RegisterPage :123 - Enter Password: [[ChromeDriver: chrome on WINDOWS (976f765f34584262a0f21759d7e33ac3)] -> xpath: //input[@id='Password']]
2022-05-18 22:05:172 INFO  RegisterPage :128 - Enter Confirm Password: [[ChromeDriver: chrome on WINDOWS (976f765f34584262a0f21759d7e33ac3)] -> xpath: //input[@id='ConfirmPassword']]
2022-05-18 22:05:29 INFO  RegisterPage :134 - Click On RegisterButton: [[ChromeDriver: chrome on WINDOWS (976f765f34584262a0f21759d7e33ac3)] -> xpath: //button[@id='register-button']]
2022-05-18 22:05:284 INFO  RegisterPage :138 - Verify the Text: Proxy element for: DefaultElementLocator 'By.xpath: //div[contains(text(),'Your registration completed')]'
2022-05-18 22:05:113 INFO  ManageDriver :31 - Launching Chrome Browser
2022-05-18 22:05:19 INFO  RegisterPage :79 - Verify the Text: [[ChromeDriver: chrome on WINDOWS (1e347982a1d2fe1411c6d0a32c8470c1)] -> xpath: //button[@id='register-button']]
2022-05-18 22:05:612 INFO  ManageDriver :31 - Launching Chrome Browser
2022-05-18 22:05:516 INFO  RegisterPage :134 - Click On RegisterButton: [[ChromeDriver: chrome on WINDOWS (4ab0b66b5a8050a6708f0f259c05ce8e)] -> xpath: //button[@id='register-button']]
2022-05-18 22:05:909 INFO  RegisterPage :154 - getting FirstNameError text from [[ChromeDriver: chrome on WINDOWS (4ab0b66b5a8050a6708f0f259c05ce8e)] -> xpath: //span[@id='FirstName-error']]
2022-05-18 22:05:276 INFO  RegisterPage :158 - getting LastNameError text from [[ChromeDriver: chrome on WINDOWS (4ab0b66b5a8050a6708f0f259c05ce8e)] -> xpath: //span[@id='LastName-error']]
2022-05-18 22:05:468 INFO  RegisterPage :162 - getting EmailError text from [[ChromeDriver: chrome on WINDOWS (4ab0b66b5a8050a6708f0f259c05ce8e)] -> xpath: //span[@id='Email-error']]
2022-05-18 22:05:605 INFO  RegisterPage :166 - getting PasswordError text from [[ChromeDriver: chrome on WINDOWS (4ab0b66b5a8050a6708f0f259c05ce8e)] -> xpath: //span[@id='Password-error']]
2022-05-18 22:05:769 INFO  RegisterPage :170 - getting ConfirmPasswordError text from [[ChromeDriver: chrome on WINDOWS (4ab0b66b5a8050a6708f0f259c05ce8e)] -> xpath: //span[@id='ConfirmPassword-error']]
2022-05-18 22:05:571 INFO  ManageDriver :31 - Launching Chrome Browser
2022-05-18 22:05:122 INFO  ManageDriver :31 - Launching Chrome Browser
2022-05-18 22:05:566 INFO  RegisterPage :79 - Verify the Text: [[ChromeDriver: chrome on WINDOWS (33573e86ab13598ca89ce9dcd9431c26)] -> xpath: //button[@id='register-button']]
2022-05-18 22:05:355 INFO  ManageDriver :31 - Launching Chrome Browser
2022-05-18 22:05:131 INFO  RegisterPage :134 - Click On RegisterButton: [[ChromeDriver: chrome on WINDOWS (e1c1eb264b6b2b3c07a08994b0fa222a)] -> xpath: //button[@id='register-button']]
2022-05-18 22:05:718 INFO  RegisterPage :154 - getting FirstNameError text from [[ChromeDriver: chrome on WINDOWS (e1c1eb264b6b2b3c07a08994b0fa222a)] -> xpath: //span[@id='FirstName-error']]
2022-05-18 22:05:615 INFO  RegisterPage :158 - getting LastNameError text from [[ChromeDriver: chrome on WINDOWS (e1c1eb264b6b2b3c07a08994b0fa222a)] -> xpath: //span[@id='LastName-error']]
2022-05-18 22:05:808 INFO  ManageDriver :31 - Launching Chrome Browser
2022-05-18 22:05:807 INFO  RegisterPage :79 - Verify the Text: [[ChromeDriver: chrome on WINDOWS (bb23c0167d4a2aa3688601eeb8b67b9e)] -> xpath: //button[@id='register-button']]
2022-05-18 22:05:235 INFO  ManageDriver :31 - Launching Chrome Browser
2022-05-18 22:05:610 INFO  RegisterPage :134 - Click On RegisterButton: [[ChromeDriver: chrome on WINDOWS (a26cf3dc14902ba645d3b62f39b2acff)] -> xpath: //button[@id='register-button']]
2022-05-18 22:05:691 INFO  RegisterPage :154 - getting FirstNameError text from [[ChromeDriver: chrome on WINDOWS (a26cf3dc14902ba645d3b62f39b2acff)] -> xpath: //span[@id='FirstName-error']]
2022-05-18 22:05:78 INFO  RegisterPage :158 - getting LastNameError text from [[ChromeDriver: chrome on WINDOWS (a26cf3dc14902ba645d3b62f39b2acff)] -> xpath: //span[@id='LastName-error']]
2022-05-18 22:05:314 INFO  RegisterPage :162 - getting EmailError text from [[ChromeDriver: chrome on WINDOWS (a26cf3dc14902ba645d3b62f39b2acff)] -> xpath: //span[@id='Email-error']]
2022-05-18 22:05:798 INFO  RegisterPage :166 - getting PasswordError text from [[ChromeDriver: chrome on WINDOWS (a26cf3dc14902ba645d3b62f39b2acff)] -> xpath: //span[@id='Password-error']]
2022-05-18 22:05:999 INFO  RegisterPage :170 - getting ConfirmPasswordError text from [[ChromeDriver: chrome on WINDOWS (a26cf3dc14902ba645d3b62f39b2acff)] -> xpath: //span[@id='ConfirmPassword-error']]
2022-05-18 22:05:366 INFO  ManageDriver :31 - Launching Chrome Browser
2022-05-18 22:05:875 INFO  RegisterPage :88 - Clicking on Female Button:[[ChromeDriver: chrome on WINDOWS (76bbde2ad634dd8f4aa24fc8b02bc02b)] -> xpath: //input[@id='gender-female']]
2022-05-18 22:05:419 INFO  RegisterPage :93 - Entering FirstName: [[ChromeDriver: chrome on WINDOWS (76bbde2ad634dd8f4aa24fc8b02bc02b)] -> xpath: //input[@id='FirstName']]
2022-05-18 22:05:398 INFO  RegisterPage :98 - Entering Last Name : [[ChromeDriver: chrome on WINDOWS (76bbde2ad634dd8f4aa24fc8b02bc02b)] -> xpath: //input[@id='LastName']]
2022-05-18 22:05:57 INFO  RegisterPage :103 - Select Day Of Birth: [[ChromeDriver: chrome on WINDOWS (76bbde2ad634dd8f4aa24fc8b02bc02b)] -> xpath: //body/div[6]/div[3]/div[1]/div[1]/div[1]/div[2]/form[1]/div[1]/div[2]/div[4]/div[1]/select[1]]
2022-05-18 22:05:13 INFO  RegisterPage :108 - Select the Month Of Birth: [[ChromeDriver: chrome on WINDOWS (76bbde2ad634dd8f4aa24fc8b02bc02b)] -> xpath: //body/div[6]/div[3]/div[1]/div[1]/div[1]/div[2]/form[1]/div[1]/div[2]/div[4]/div[1]/select[2]]
2022-05-18 22:05:09 INFO  RegisterPage :113 - Select the Year of Birth: [[ChromeDriver: chrome on WINDOWS (76bbde2ad634dd8f4aa24fc8b02bc02b)] -> xpath: //body/div[6]/div[3]/div[1]/div[1]/div[1]/div[2]/form[1]/div[1]/div[2]/div[4]/div[1]/select[3]]
2022-05-18 22:05:910 INFO  RegisterPage :118 - Enter Email: [[ChromeDriver: chrome on WINDOWS (76bbde2ad634dd8f4aa24fc8b02bc02b)] -> xpath: //input[@id='Email']]
2022-05-18 22:05:710 INFO  RegisterPage :123 - Enter Password: [[ChromeDriver: chrome on WINDOWS (76bbde2ad634dd8f4aa24fc8b02bc02b)] -> xpath: //input[@id='Password']]
2022-05-18 22:05:472 INFO  RegisterPage :128 - Enter Confirm Password: [[ChromeDriver: chrome on WINDOWS (76bbde2ad634dd8f4aa24fc8b02bc02b)] -> xpath: //input[@id='ConfirmPassword']]
2022-05-18 22:05:720 INFO  RegisterPage :134 - Click On RegisterButton: [[ChromeDriver: chrome on WINDOWS (76bbde2ad634dd8f4aa24fc8b02bc02b)] -> xpath: //button[@id='register-button']]
2022-05-18 22:05:923 INFO  RegisterPage :138 - Verify the Text: Proxy element for: DefaultElementLocator 'By.xpath: //div[contains(text(),'Your registration completed')]'
2022-05-18 22:05:312 INFO  ManageDriver :31 - Launching Chrome Browser
2022-05-18 22:05:453 INFO  LoginPage :65 - Verify The Text: [[ChromeDriver: chrome on WINDOWS (6a7237fdc111f15f1a7ea8a438c77832)] -> xpath: //h1[contains(text(),'Welcome, Please Sign In!')]]
2022-05-18 22:05:690 INFO  ManageDriver :31 - Launching Chrome Browser
2022-05-18 22:05:484 INFO  LoginPage :46 - Enter Email: [[ChromeDriver: chrome on WINDOWS (44dde423804ab862b907de7aacf9a154)] -> xpath: //input[@id='Email']]
2022-05-18 22:05:97 INFO  LoginPage :51 - Enter Pasword: [[ChromeDriver: chrome on WINDOWS (44dde423804ab862b907de7aacf9a154)] -> xpath: //input[@id='Password']]
2022-05-18 22:05:410 INFO  LoginPage :56 - Click On Log In: [[ChromeDriver: chrome on WINDOWS (44dde423804ab862b907de7aacf9a154)] -> xpath: //button[contains(text(),'Log in')]]
2022-05-18 22:05:784 INFO  LoginPage :71 - Verify the Text: [[ChromeDriver: chrome on WINDOWS (44dde423804ab862b907de7aacf9a154)] -> xpath: //body/div[6]/div[3]/div[1]/div[1]/div[1]/div[2]/div[1]/div[2]/form[1]/div[1]]
2022-05-18 22:05:773 INFO  ManageDriver :31 - Launching Chrome Browser
2022-05-18 22:05:846 INFO  LoginPage :46 - Enter Email: [[ChromeDriver: chrome on WINDOWS (10042ec00515564a8b1df7c49a9eaddd)] -> xpath: //input[@id='Email']]
2022-05-18 22:05:222 INFO  LoginPage :51 - Enter Pasword: [[ChromeDriver: chrome on WINDOWS (10042ec00515564a8b1df7c49a9eaddd)] -> xpath: //input[@id='Password']]
2022-05-18 22:05:667 INFO  LoginPage :56 - Click On Log In: [[ChromeDriver: chrome on WINDOWS (10042ec00515564a8b1df7c49a9eaddd)] -> xpath: //button[contains(text(),'Log in')]]
2022-05-18 22:05:773 INFO  ManageDriver :31 - Launching Chrome Browser
2022-05-18 22:05:610 INFO  LoginPage :46 - Enter Email: [[ChromeDriver: chrome on WINDOWS (ce634b115ae1f1d8518fdad08db1da1c)] -> xpath: //input[@id='Email']]
2022-05-18 22:05:271 INFO  LoginPage :51 - Enter Pasword: [[ChromeDriver: chrome on WINDOWS (ce634b115ae1f1d8518fdad08db1da1c)] -> xpath: //input[@id='Password']]
2022-05-18 22:05:830 INFO  LoginPage :56 - Click On Log In: [[ChromeDriver: chrome on WINDOWS (ce634b115ae1f1d8518fdad08db1da1c)] -> xpath: //button[contains(text(),'Log in')]]
2022-05-18 23:05:441 INFO  ManageDriver :31 - Launching Chrome Browser
2022-05-18 23:05:172 INFO  LoginPage :65 - Verify The Text: [[ChromeDriver: chrome on WINDOWS (a5c402e1db22653f99c04467fd63e4dc)] -> xpath: //h1[contains(text(),'Welcome, Please Sign In!')]]
2022-05-18 23:05:273 INFO  ManageDriver :31 - Launching Chrome Browser
2022-05-18 23:05:395 INFO  ManageDriver :31 - Launching Chrome Browser
2022-05-18 23:05:617 INFO  LoginPage :46 - Enter Email: [[ChromeDriver: chrome on WINDOWS (182c81004835ab8c54e2f8d1af1bdbfd)] -> xpath: //input[@id='Email']]
2022-05-18 23:05:870 INFO  LoginPage :51 - Enter Pasword: [[ChromeDriver: chrome on WINDOWS (182c81004835ab8c54e2f8d1af1bdbfd)] -> xpath: //input[@id='Password']]
2022-05-18 23:05:44 INFO  LoginPage :56 - Click On Log In: [[ChromeDriver: chrome on WINDOWS (182c81004835ab8c54e2f8d1af1bdbfd)] -> xpath: //button[contains(text(),'Log in')]]
2022-05-18 23:05:349 INFO  ManageDriver :31 - Launching Chrome Browser
2022-05-18 23:05:996 INFO  LoginPage :46 - Enter Email: [[ChromeDriver: chrome on WINDOWS (f5fe59967c838bf225cb8e77c876e346)] -> xpath: //input[@id='Email']]
2022-05-18 23:05:410 INFO  LoginPage :51 - Enter Pasword: [[ChromeDriver: chrome on WINDOWS (f5fe59967c838bf225cb8e77c876e346)] -> xpath: //input[@id='Password']]
2022-05-18 23:05:690 INFO  LoginPage :56 - Click On Log In: [[ChromeDriver: chrome on WINDOWS (f5fe59967c838bf225cb8e77c876e346)] -> xpath: //button[contains(text(),'Log in')]]
2022-05-18 23:05:02 INFO  ManageDriver :31 - Launching Chrome Browser
2022-05-18 23:05:454 INFO  LoginPage :65 - Verify The Text: [[ChromeDriver: chrome on WINDOWS (e3636d917d6de28c846193c93447f5c7)] -> xpath: //h1[contains(text(),'Welcome, Please Sign In!')]]
2022-05-18 23:05:877 INFO  ManageDriver :31 - Launching Chrome Browser
2022-05-18 23:05:254 INFO  LoginPage :46 - Enter Email: [[ChromeDriver: chrome on WINDOWS (6671904a1e8542e4110ea4e81e1c4092)] -> xpath: //input[@id='Email']]
2022-05-18 23:05:710 INFO  LoginPage :51 - Enter Pasword: [[ChromeDriver: chrome on WINDOWS (6671904a1e8542e4110ea4e81e1c4092)] -> xpath: //input[@id='Password']]
2022-05-18 23:05:892 INFO  LoginPage :56 - Click On Log In: [[ChromeDriver: chrome on WINDOWS (6671904a1e8542e4110ea4e81e1c4092)] -> xpath: //button[contains(text(),'Log in')]]
2022-05-18 23:05:489 INFO  LoginPage :71 - Verify the Text: [[ChromeDriver: chrome on WINDOWS (6671904a1e8542e4110ea4e81e1c4092)] -> xpath: //body/div[6]/div[3]/div[1]/div[1]/div[1]/div[2]/div[1]/div[2]/form[1]/div[1]]
2022-05-18 23:05:808 INFO  ManageDriver :31 - Launching Chrome Browser
2022-05-18 23:05:289 INFO  LoginPage :46 - Enter Email: [[ChromeDriver: chrome on WINDOWS (36e217285dc220941362cdeafa5d03a6)] -> xpath: //input[@id='Email']]
2022-05-18 23:05:712 INFO  LoginPage :51 - Enter Pasword: [[ChromeDriver: chrome on WINDOWS (36e217285dc220941362cdeafa5d03a6)] -> xpath: //input[@id='Password']]
2022-05-18 23:05:733 INFO  LoginPage :56 - Click On Log In: [[ChromeDriver: chrome on WINDOWS (36e217285dc220941362cdeafa5d03a6)] -> xpath: //button[contains(text(),'Log in')]]
2022-05-18 23:05:969 INFO  ManageDriver :31 - Launching Chrome Browser
2022-05-18 23:05:149 INFO  LoginPage :46 - Enter Email: [[ChromeDriver: chrome on WINDOWS (42b7611e66791295650bc72cdd04c973)] -> xpath: //input[@id='Email']]
2022-05-18 23:05:564 INFO  LoginPage :51 - Enter Pasword: [[ChromeDriver: chrome on WINDOWS (42b7611e66791295650bc72cdd04c973)] -> xpath: //input[@id='Password']]
2022-05-18 23:05:937 INFO  LoginPage :56 - Click On Log In: [[ChromeDriver: chrome on WINDOWS (42b7611e66791295650bc72cdd04c973)] -> xpath: //button[contains(text(),'Log in')]]
2022-05-18 23:05:131 INFO  ManageDriver :31 - Launching Chrome Browser
2022-05-18 23:05:504 INFO  LoginPage :65 - Verify The Text: [[ChromeDriver: chrome on WINDOWS (6cc7bc7a4a6c1dc74ad03460925ce904)] -> xpath: //h1[contains(text(),'Welcome, Please Sign In!')]]
2022-05-18 23:05:457 INFO  ManageDriver :31 - Launching Chrome Browser
2022-05-18 23:05:586 INFO  LoginPage :46 - Enter Email: [[ChromeDriver: chrome on WINDOWS (3ae9917333c0bf2083599ea19c3e8707)] -> xpath: //input[@id='Email']]
2022-05-18 23:05:774 INFO  LoginPage :51 - Enter Pasword: [[ChromeDriver: chrome on WINDOWS (3ae9917333c0bf2083599ea19c3e8707)] -> xpath: //input[@id='Password']]
2022-05-18 23:05:69 INFO  LoginPage :56 - Click On Log In: [[ChromeDriver: chrome on WINDOWS (3ae9917333c0bf2083599ea19c3e8707)] -> xpath: //button[contains(text(),'Log in')]]
2022-05-18 23:05:120 INFO  LoginPage :71 - Verify the Text: [[ChromeDriver: chrome on WINDOWS (3ae9917333c0bf2083599ea19c3e8707)] -> xpath: //body/div[6]/div[3]/div[1]/div[1]/div[1]/div[2]/div[1]/div[2]/form[1]/div[1]]
2022-05-18 23:05:158 INFO  ManageDriver :31 - Launching Chrome Browser
2022-05-18 23:05:989 INFO  LoginPage :46 - Enter Email: [[ChromeDriver: chrome on WINDOWS (81c4289e07643078a1dbb6440fecb533)] -> xpath: //input[@id='Email']]
2022-05-18 23:05:218 INFO  LoginPage :51 - Enter Pasword: [[ChromeDriver: chrome on WINDOWS (81c4289e07643078a1dbb6440fecb533)] -> xpath: //input[@id='Password']]
2022-05-18 23:05:638 INFO  LoginPage :56 - Click On Log In: [[ChromeDriver: chrome on WINDOWS (81c4289e07643078a1dbb6440fecb533)] -> xpath: //button[contains(text(),'Log in')]]
2022-05-18 23:05:988 INFO  ManageDriver :31 - Launching Chrome Browser
2022-05-18 23:05:53 INFO  LoginPage :46 - Enter Email: [[ChromeDriver: chrome on WINDOWS (ec8447baeab9bb8fb7e6d00dbcca617a)] -> xpath: //input[@id='Email']]
2022-05-18 23:05:133 INFO  LoginPage :51 - Enter Pasword: [[ChromeDriver: chrome on WINDOWS (ec8447baeab9bb8fb7e6d00dbcca617a)] -> xpath: //input[@id='Password']]
2022-05-18 23:05:693 INFO  LoginPage :56 - Click On Log In: [[ChromeDriver: chrome on WINDOWS (ec8447baeab9bb8fb7e6d00dbcca617a)] -> xpath: //button[contains(text(),'Log in')]]
2022-05-18 23:05:405 INFO  ManageDriver :31 - Launching Chrome Browser
2022-05-18 23:05:79 INFO  RegisterPage :76 - Verify the Text: [[ChromeDriver: chrome on WINDOWS (647edb69e66b5ac11304783c02d26a4f)] -> xpath: //button[@id='register-button']]
2022-05-18 23:05:372 INFO  ManageDriver :31 - Launching Chrome Browser
2022-05-18 23:05:107 INFO  RegisterPage :131 - Click On RegisterButton: [[ChromeDriver: chrome on WINDOWS (1064608cb938a11fb56406756e49bda5)] -> xpath: //button[@id='register-button']]
2022-05-18 23:05:273 INFO  RegisterPage :151 - getting FirstNameError text from [[ChromeDriver: chrome on WINDOWS (1064608cb938a11fb56406756e49bda5)] -> xpath: //span[@id='FirstName-error']]
2022-05-18 23:05:477 INFO  RegisterPage :155 - getting LastNameError text from [[ChromeDriver: chrome on WINDOWS (1064608cb938a11fb56406756e49bda5)] -> xpath: //span[@id='LastName-error']]
2022-05-18 23:05:633 INFO  RegisterPage :159 - getting EmailError text from [[ChromeDriver: chrome on WINDOWS (1064608cb938a11fb56406756e49bda5)] -> xpath: //span[@id='Email-error']]
2022-05-18 23:05:806 INFO  RegisterPage :163 - getting PasswordError text from [[ChromeDriver: chrome on WINDOWS (1064608cb938a11fb56406756e49bda5)] -> xpath: //span[@id='Password-error']]
2022-05-18 23:05:939 INFO  RegisterPage :167 - getting ConfirmPasswordError text from [[ChromeDriver: chrome on WINDOWS (1064608cb938a11fb56406756e49bda5)] -> xpath: //span[@id='ConfirmPassword-error']]
2022-05-18 23:05:374 INFO  ManageDriver :31 - Launching Chrome Browser
2022-05-18 23:05:674 INFO  RegisterPage :85 - Clicking on Female Button:[[ChromeDriver: chrome on WINDOWS (352224a6fc6adf2ae03f70d5d481b246)] -> xpath: //input[@id='gender-female']]
2022-05-18 23:05:481 INFO  RegisterPage :90 - Entering FirstName: [[ChromeDriver: chrome on WINDOWS (352224a6fc6adf2ae03f70d5d481b246)] -> xpath: //input[@id='FirstName']]
2022-05-18 23:05:231 INFO  RegisterPage :95 - Entering Last Name : [[ChromeDriver: chrome on WINDOWS (352224a6fc6adf2ae03f70d5d481b246)] -> xpath: //input[@id='LastName']]
2022-05-18 23:05:483 INFO  RegisterPage :100 - Select Day Of Birth: [[ChromeDriver: chrome on WINDOWS (352224a6fc6adf2ae03f70d5d481b246)] -> xpath: //body/div[6]/div[3]/div[1]/div[1]/div[1]/div[2]/form[1]/div[1]/div[2]/div[4]/div[1]/select[1]]
2022-05-18 23:05:961 INFO  RegisterPage :105 - Select the Month Of Birth: [[ChromeDriver: chrome on WINDOWS (352224a6fc6adf2ae03f70d5d481b246)] -> xpath: //body/div[6]/div[3]/div[1]/div[1]/div[1]/div[2]/form[1]/div[1]/div[2]/div[4]/div[1]/select[2]]
2022-05-18 23:05:715 INFO  RegisterPage :110 - Select the Year of Birth: [[ChromeDriver: chrome on WINDOWS (352224a6fc6adf2ae03f70d5d481b246)] -> xpath: //body/div[6]/div[3]/div[1]/div[1]/div[1]/div[2]/form[1]/div[1]/div[2]/div[4]/div[1]/select[3]]
2022-05-18 23:05:306 INFO  RegisterPage :115 - Enter Email: [[ChromeDriver: chrome on WINDOWS (352224a6fc6adf2ae03f70d5d481b246)] -> xpath: //input[@id='Email']]
2022-05-18 23:05:327 INFO  RegisterPage :120 - Enter Password: [[ChromeDriver: chrome on WINDOWS (352224a6fc6adf2ae03f70d5d481b246)] -> xpath: //input[@id='Password']]
2022-05-18 23:05:646 INFO  RegisterPage :125 - Enter Confirm Password: [[ChromeDriver: chrome on WINDOWS (352224a6fc6adf2ae03f70d5d481b246)] -> xpath: //input[@id='ConfirmPassword']]
2022-05-18 23:05:166 INFO  RegisterPage :131 - Click On RegisterButton: [[ChromeDriver: chrome on WINDOWS (352224a6fc6adf2ae03f70d5d481b246)] -> xpath: //button[@id='register-button']]
2022-05-18 23:05:210 INFO  RegisterPage :135 - Verify the Text: [[ChromeDriver: chrome on WINDOWS (352224a6fc6adf2ae03f70d5d481b246)] -> xpath: //div[contains(text(),'Your registration completed')]]
2022-05-18 23:05:838 INFO  ManageDriver :31 - Launching Chrome Browser
2022-05-18 23:05:866 INFO  LoginPage :65 - Verify The Text: [[ChromeDriver: chrome on WINDOWS (b3329f7f2c302420fb06a570dea27a88)] -> xpath: //h1[contains(text(),'Welcome, Please Sign In!')]]
2022-05-18 23:05:581 INFO  ManageDriver :31 - Launching Chrome Browser
2022-05-18 23:05:399 INFO  LoginPage :46 - Enter Email: [[ChromeDriver: chrome on WINDOWS (0b8cad61f17e98b499c19456c17b312e)] -> xpath: //input[@id='Email']]
2022-05-18 23:05:35 INFO  LoginPage :51 - Enter Pasword: [[ChromeDriver: chrome on WINDOWS (0b8cad61f17e98b499c19456c17b312e)] -> xpath: //input[@id='Password']]
2022-05-18 23:05:602 INFO  LoginPage :56 - Click On Log In: [[ChromeDriver: chrome on WINDOWS (0b8cad61f17e98b499c19456c17b312e)] -> xpath: //button[contains(text(),'Log in')]]
2022-05-18 23:05:805 INFO  LoginPage :71 - Verify the Text: [[ChromeDriver: chrome on WINDOWS (0b8cad61f17e98b499c19456c17b312e)] -> xpath: //body/div[6]/div[3]/div[1]/div[1]/div[1]/div[2]/div[1]/div[2]/form[1]/div[1]]
2022-05-18 23:05:407 INFO  ManageDriver :31 - Launching Chrome Browser
2022-05-18 23:05:485 INFO  LoginPage :46 - Enter Email: [[ChromeDriver: chrome on WINDOWS (7847058c300cacd73f21c34104d4c2f2)] -> xpath: //input[@id='Email']]
2022-05-18 23:05:641 INFO  LoginPage :51 - Enter Pasword: [[ChromeDriver: chrome on WINDOWS (7847058c300cacd73f21c34104d4c2f2)] -> xpath: //input[@id='Password']]
2022-05-18 23:05:08 INFO  LoginPage :56 - Click On Log In: [[ChromeDriver: chrome on WINDOWS (7847058c300cacd73f21c34104d4c2f2)] -> xpath: //button[contains(text(),'Log in')]]
2022-05-18 23:05:571 INFO  RegisterPage :141 - Click On LogOutLink: [[ChromeDriver: chrome on WINDOWS (7847058c300cacd73f21c34104d4c2f2)] -> xpath: //a[contains(text(),'Log out')]]
2022-05-18 23:05:613 INFO  ManageDriver :31 - Launching Chrome Browser
2022-05-18 23:05:789 INFO  LoginPage :46 - Enter Email: [[ChromeDriver: chrome on WINDOWS (f9cf67c0abf698879705e50d3b6bbb1e)] -> xpath: //input[@id='Email']]
2022-05-18 23:05:104 INFO  LoginPage :51 - Enter Pasword: [[ChromeDriver: chrome on WINDOWS (f9cf67c0abf698879705e50d3b6bbb1e)] -> xpath: //input[@id='Password']]
2022-05-18 23:05:67 INFO  LoginPage :56 - Click On Log In: [[ChromeDriver: chrome on WINDOWS (f9cf67c0abf698879705e50d3b6bbb1e)] -> xpath: //button[contains(text(),'Log in')]]
2022-05-19 13:05:959 INFO  ManageDriver :31 - Launching Chrome Browser
2022-05-19 13:05:590 INFO  LoginPage :65 - Verify The Text: [[ChromeDriver: chrome on WINDOWS (79aa684c6fb0c3e79fe8460f9129d287)] -> xpath: //h1[contains(text(),'Welcome, Please Sign In!')]]
2022-05-19 13:05:626 INFO  ManageDriver :31 - Launching Chrome Browser
2022-05-19 13:05:246 INFO  LoginPage :46 - Enter Email: [[ChromeDriver: chrome on WINDOWS (edcacefb0db4bbd4f20cc08a9aee8ca5)] -> xpath: //input[@id='Email']]
2022-05-19 13:05:351 INFO  LoginPage :51 - Enter Pasword: [[ChromeDriver: chrome on WINDOWS (edcacefb0db4bbd4f20cc08a9aee8ca5)] -> xpath: //input[@id='Password']]
2022-05-19 13:05:443 INFO  LoginPage :56 - Click On Log In: [[ChromeDriver: chrome on WINDOWS (edcacefb0db4bbd4f20cc08a9aee8ca5)] -> xpath: //button[contains(text(),'Log in')]]
2022-05-19 13:05:466 INFO  LoginPage :71 - Verify the Text: [[ChromeDriver: chrome on WINDOWS (edcacefb0db4bbd4f20cc08a9aee8ca5)] -> xpath: //body/div[6]/div[3]/div[1]/div[1]/div[1]/div[2]/div[1]/div[2]/form[1]/div[1]]
2022-05-19 13:05:398 INFO  ManageDriver :31 - Launching Chrome Browser
2022-05-19 13:05:498 INFO  LoginPage :46 - Enter Email: [[ChromeDriver: chrome on WINDOWS (16e2f4d671bdd941879289346b3b2f0d)] -> xpath: //input[@id='Email']]
2022-05-19 13:05:595 INFO  LoginPage :51 - Enter Pasword: [[ChromeDriver: chrome on WINDOWS (16e2f4d671bdd941879289346b3b2f0d)] -> xpath: //input[@id='Password']]
2022-05-19 13:05:82 INFO  LoginPage :56 - Click On Log In: [[ChromeDriver: chrome on WINDOWS (16e2f4d671bdd941879289346b3b2f0d)] -> xpath: //button[contains(text(),'Log in')]]
2022-05-19 13:05:777 INFO  ManageDriver :31 - Launching Chrome Browser
2022-05-19 13:05:848 INFO  LoginPage :46 - Enter Email: [[ChromeDriver: chrome on WINDOWS (178b3262cf99d99fed5d5488a82f6c81)] -> xpath: //input[@id='Email']]
2022-05-19 13:05:46 INFO  LoginPage :51 - Enter Pasword: [[ChromeDriver: chrome on WINDOWS (178b3262cf99d99fed5d5488a82f6c81)] -> xpath: //input[@id='Password']]
2022-05-19 13:05:578 INFO  LoginPage :56 - Click On Log In: [[ChromeDriver: chrome on WINDOWS (178b3262cf99d99fed5d5488a82f6c81)] -> xpath: //button[contains(text(),'Log in')]]
2022-05-19 13:05:224 INFO  ManageDriver :31 - Launching Chrome Browser
2022-05-19 13:05:286 INFO  LoginPage :65 - Verify The Text: [[ChromeDriver: chrome on WINDOWS (ff10e99849d49237ce14a7ca4f69bb99)] -> xpath: //h1[contains(text(),'Welcome, Please Sign In!')]]
2022-05-19 13:05:270 INFO  ManageDriver :31 - Launching Chrome Browser
2022-05-19 13:05:436 INFO  LoginPage :46 - Enter Email: [[ChromeDriver: chrome on WINDOWS (3b398f849f9dd1df178a24d788ec252f)] -> xpath: //input[@id='Email']]
2022-05-19 13:05:529 INFO  LoginPage :51 - Enter Pasword: [[ChromeDriver: chrome on WINDOWS (3b398f849f9dd1df178a24d788ec252f)] -> xpath: //input[@id='Password']]
2022-05-19 13:05:614 INFO  LoginPage :56 - Click On Log In: [[ChromeDriver: chrome on WINDOWS (3b398f849f9dd1df178a24d788ec252f)] -> xpath: //button[contains(text(),'Log in')]]
2022-05-19 13:05:637 INFO  LoginPage :71 - Verify the Text: [[ChromeDriver: chrome on WINDOWS (3b398f849f9dd1df178a24d788ec252f)] -> xpath: //body/div[6]/div[3]/div[1]/div[1]/div[1]/div[2]/div[1]/div[2]/form[1]/div[1]]
2022-05-19 13:05:592 INFO  ManageDriver :31 - Launching Chrome Browser
2022-05-19 13:05:554 INFO  LoginPage :46 - Enter Email: [[ChromeDriver: chrome on WINDOWS (94493cfddbd8764921b8ed56fcc39b4f)] -> xpath: //input[@id='Email']]
2022-05-19 13:05:638 INFO  LoginPage :51 - Enter Pasword: [[ChromeDriver: chrome on WINDOWS (94493cfddbd8764921b8ed56fcc39b4f)] -> xpath: //input[@id='Password']]
2022-05-19 13:05:361 INFO  LoginPage :56 - Click On Log In: [[ChromeDriver: chrome on WINDOWS (94493cfddbd8764921b8ed56fcc39b4f)] -> xpath: //button[contains(text(),'Log in')]]
2022-05-19 13:05:137 INFO  RegisterPage :141 - Click On LogOutLink: [[ChromeDriver: chrome on WINDOWS (94493cfddbd8764921b8ed56fcc39b4f)] -> xpath: //a[contains(text(),'Log out')]]
2022-05-19 13:05:15 INFO  ManageDriver :31 - Launching Chrome Browser
2022-05-19 13:05:191 INFO  LoginPage :46 - Enter Email: [[ChromeDriver: chrome on WINDOWS (03febeed95ca18aed3d2259f797c7381)] -> xpath: //input[@id='Email']]
2022-05-19 13:05:288 INFO  LoginPage :51 - Enter Pasword: [[ChromeDriver: chrome on WINDOWS (03febeed95ca18aed3d2259f797c7381)] -> xpath: //input[@id='Password']]
2022-05-19 13:05:76 INFO  LoginPage :56 - Click On Log In: [[ChromeDriver: chrome on WINDOWS (03febeed95ca18aed3d2259f797c7381)] -> xpath: //button[contains(text(),'Log in')]]
2022-05-19 13:05:20 INFO  LoginPage :60 - Verify the Text: Proxy element for: DefaultElementLocator 'By.xpath: //button[contains(text(),'Log in')]'
2022-05-19 13:05:858 INFO  ManageDriver :31 - Launching Chrome Browser
2022-05-19 13:05:358 INFO  LoginPage :65 - Verify The Text: [[ChromeDriver: chrome on WINDOWS (30a92bde31c92c26e669b7e50fad7551)] -> xpath: //h1[contains(text(),'Welcome, Please Sign In!')]]
2022-05-19 13:05:321 INFO  ManageDriver :31 - Launching Chrome Browser
2022-05-19 13:05:606 INFO  LoginPage :46 - Enter Email: [[ChromeDriver: chrome on WINDOWS (193a78d84ff08a0499973272f88eb1d7)] -> xpath: //input[@id='Email']]
2022-05-19 13:05:693 INFO  LoginPage :51 - Enter Pasword: [[ChromeDriver: chrome on WINDOWS (193a78d84ff08a0499973272f88eb1d7)] -> xpath: //input[@id='Password']]
2022-05-19 13:05:768 INFO  LoginPage :56 - Click On Log In: [[ChromeDriver: chrome on WINDOWS (193a78d84ff08a0499973272f88eb1d7)] -> xpath: //button[contains(text(),'Log in')]]
2022-05-19 13:05:790 INFO  LoginPage :71 - Verify the Text: [[ChromeDriver: chrome on WINDOWS (193a78d84ff08a0499973272f88eb1d7)] -> xpath: //body/div[6]/div[3]/div[1]/div[1]/div[1]/div[2]/div[1]/div[2]/form[1]/div[1]]
2022-05-19 13:05:841 INFO  ManageDriver :31 - Launching Chrome Browser
2022-05-19 13:05:383 INFO  LoginPage :46 - Enter Email: [[ChromeDriver: chrome on WINDOWS (379f0f49d86836cfd552f2d05566f8a6)] -> xpath: //input[@id='Email']]
2022-05-19 13:05:483 INFO  LoginPage :51 - Enter Pasword: [[ChromeDriver: chrome on WINDOWS (379f0f49d86836cfd552f2d05566f8a6)] -> xpath: //input[@id='Password']]
2022-05-19 13:05:245 INFO  LoginPage :56 - Click On Log In: [[ChromeDriver: chrome on WINDOWS (379f0f49d86836cfd552f2d05566f8a6)] -> xpath: //button[contains(text(),'Log in')]]
2022-05-19 13:05:964 INFO  RegisterPage :141 - Click On LogOutLink: [[ChromeDriver: chrome on WINDOWS (379f0f49d86836cfd552f2d05566f8a6)] -> xpath: //a[contains(text(),'Log out')]]
2022-05-19 13:05:864 INFO  ManageDriver :31 - Launching Chrome Browser
2022-05-19 13:05:573 INFO  LoginPage :46 - Enter Email: [[ChromeDriver: chrome on WINDOWS (3aedbbc6e5b03c50e3f399216e1c8b75)] -> xpath: //input[@id='Email']]
2022-05-19 13:05:664 INFO  LoginPage :51 - Enter Pasword: [[ChromeDriver: chrome on WINDOWS (3aedbbc6e5b03c50e3f399216e1c8b75)] -> xpath: //input[@id='Password']]
2022-05-19 13:05:380 INFO  LoginPage :56 - Click On Log In: [[ChromeDriver: chrome on WINDOWS (3aedbbc6e5b03c50e3f399216e1c8b75)] -> xpath: //button[contains(text(),'Log in')]]
